<?xml version="1.0" encoding="UTF-8"?>
<testsuite xmlns:xsi="http://www.w3.org/2001/XMLSchema-instance" xsi:noNamespaceSchemaLocation="https://maven.apache.org/surefire/maven-surefire-plugin/xsd/surefire-test-report-3.0.xsd" version="3.0" name="com.cinarcorp.productSupply.repository.UserRepositoryTest" time="0.285" tests="3" errors="2" skipped="0" failures="0">
  <properties>
    <property name="java.specification.version" value="20"/>
    <property name="sun.cpu.isalist" value="amd64"/>
    <property name="sun.jnu.encoding" value="Cp1254"/>
    <property name="java.class.path" value="C:\Users\cinar\Desktop\productSupply\target\test-classes;C:\Users\cinar\Desktop\productSupply\target\classes;C:\Users\cinar\.m2\repository\org\springframework\boot\spring-boot-starter-data-jpa\3.1.3\spring-boot-starter-data-jpa-3.1.3.jar;C:\Users\cinar\.m2\repository\org\springframework\boot\spring-boot-starter-aop\3.1.3\spring-boot-starter-aop-3.1.3.jar;C:\Users\cinar\.m2\repository\org\springframework\spring-aop\6.0.11\spring-aop-6.0.11.jar;C:\Users\cinar\.m2\repository\org\aspectj\aspectjweaver\1.9.20\aspectjweaver-1.9.20.jar;C:\Users\cinar\.m2\repository\org\springframework\boot\spring-boot-starter-jdbc\3.1.3\spring-boot-starter-jdbc-3.1.3.jar;C:\Users\cinar\.m2\repository\com\zaxxer\HikariCP\5.0.1\HikariCP-5.0.1.jar;C:\Users\cinar\.m2\repository\org\springframework\spring-jdbc\6.0.11\spring-jdbc-6.0.11.jar;C:\Users\cinar\.m2\repository\org\hibernate\orm\hibernate-core\6.2.7.Final\hibernate-core-6.2.7.Final.jar;C:\Users\cinar\.m2\repository\jakarta\persistence\jakarta.persistence-api\3.1.0\jakarta.persistence-api-3.1.0.jar;C:\Users\cinar\.m2\repository\jakarta\transaction\jakarta.transaction-api\2.0.1\jakarta.transaction-api-2.0.1.jar;C:\Users\cinar\.m2\repository\org\jboss\logging\jboss-logging\3.5.3.Final\jboss-logging-3.5.3.Final.jar;C:\Users\cinar\.m2\repository\org\hibernate\common\hibernate-commons-annotations\6.0.6.Final\hibernate-commons-annotations-6.0.6.Final.jar;C:\Users\cinar\.m2\repository\io\smallrye\jandex\3.0.5\jandex-3.0.5.jar;C:\Users\cinar\.m2\repository\com\fasterxml\classmate\1.5.1\classmate-1.5.1.jar;C:\Users\cinar\.m2\repository\net\bytebuddy\byte-buddy\1.14.6\byte-buddy-1.14.6.jar;C:\Users\cinar\.m2\repository\org\glassfish\jaxb\jaxb-runtime\4.0.3\jaxb-runtime-4.0.3.jar;C:\Users\cinar\.m2\repository\org\glassfish\jaxb\jaxb-core\4.0.3\jaxb-core-4.0.3.jar;C:\Users\cinar\.m2\repository\org\eclipse\angus\angus-activation\2.0.1\angus-activation-2.0.1.jar;C:\Users\cinar\.m2\repository\org\glassfish\jaxb\txw2\4.0.3\txw2-4.0.3.jar;C:\Users\cinar\.m2\repository\com\sun\istack\istack-commons-runtime\4.1.2\istack-commons-runtime-4.1.2.jar;C:\Users\cinar\.m2\repository\jakarta\inject\jakarta.inject-api\2.0.1\jakarta.inject-api-2.0.1.jar;C:\Users\cinar\.m2\repository\org\antlr\antlr4-runtime\4.10.1\antlr4-runtime-4.10.1.jar;C:\Users\cinar\.m2\repository\org\springframework\data\spring-data-jpa\3.1.3\spring-data-jpa-3.1.3.jar;C:\Users\cinar\.m2\repository\org\springframework\data\spring-data-commons\3.1.3\spring-data-commons-3.1.3.jar;C:\Users\cinar\.m2\repository\org\springframework\spring-orm\6.0.11\spring-orm-6.0.11.jar;C:\Users\cinar\.m2\repository\org\springframework\spring-context\6.0.11\spring-context-6.0.11.jar;C:\Users\cinar\.m2\repository\org\springframework\spring-tx\6.0.11\spring-tx-6.0.11.jar;C:\Users\cinar\.m2\repository\org\springframework\spring-beans\6.0.11\spring-beans-6.0.11.jar;C:\Users\cinar\.m2\repository\jakarta\annotation\jakarta.annotation-api\2.1.1\jakarta.annotation-api-2.1.1.jar;C:\Users\cinar\.m2\repository\org\slf4j\slf4j-api\2.0.7\slf4j-api-2.0.7.jar;C:\Users\cinar\.m2\repository\org\springframework\spring-aspects\6.0.11\spring-aspects-6.0.11.jar;C:\Users\cinar\.m2\repository\org\springframework\boot\spring-boot-starter-web\3.1.3\spring-boot-starter-web-3.1.3.jar;C:\Users\cinar\.m2\repository\org\springframework\boot\spring-boot-starter\3.1.3\spring-boot-starter-3.1.3.jar;C:\Users\cinar\.m2\repository\org\springframework\boot\spring-boot-starter-logging\3.1.3\spring-boot-starter-logging-3.1.3.jar;C:\Users\cinar\.m2\repository\ch\qos\logback\logback-classic\1.4.11\logback-classic-1.4.11.jar;C:\Users\cinar\.m2\repository\ch\qos\logback\logback-core\1.4.11\logback-core-1.4.11.jar;C:\Users\cinar\.m2\repository\org\apache\logging\log4j\log4j-to-slf4j\2.20.0\log4j-to-slf4j-2.20.0.jar;C:\Users\cinar\.m2\repository\org\apache\logging\log4j\log4j-api\2.20.0\log4j-api-2.20.0.jar;C:\Users\cinar\.m2\repository\org\slf4j\jul-to-slf4j\2.0.7\jul-to-slf4j-2.0.7.jar;C:\Users\cinar\.m2\repository\org\yaml\snakeyaml\1.33\snakeyaml-1.33.jar;C:\Users\cinar\.m2\repository\org\springframework\boot\spring-boot-starter-json\3.1.3\spring-boot-starter-json-3.1.3.jar;C:\Users\cinar\.m2\repository\com\fasterxml\jackson\core\jackson-databind\2.15.2\jackson-databind-2.15.2.jar;C:\Users\cinar\.m2\repository\com\fasterxml\jackson\core\jackson-annotations\2.15.2\jackson-annotations-2.15.2.jar;C:\Users\cinar\.m2\repository\com\fasterxml\jackson\core\jackson-core\2.15.2\jackson-core-2.15.2.jar;C:\Users\cinar\.m2\repository\com\fasterxml\jackson\datatype\jackson-datatype-jdk8\2.15.2\jackson-datatype-jdk8-2.15.2.jar;C:\Users\cinar\.m2\repository\com\fasterxml\jackson\datatype\jackson-datatype-jsr310\2.15.2\jackson-datatype-jsr310-2.15.2.jar;C:\Users\cinar\.m2\repository\com\fasterxml\jackson\module\jackson-module-parameter-names\2.15.2\jackson-module-parameter-names-2.15.2.jar;C:\Users\cinar\.m2\repository\org\springframework\boot\spring-boot-starter-tomcat\3.1.3\spring-boot-starter-tomcat-3.1.3.jar;C:\Users\cinar\.m2\repository\org\apache\tomcat\embed\tomcat-embed-core\10.1.12\tomcat-embed-core-10.1.12.jar;C:\Users\cinar\.m2\repository\org\apache\tomcat\embed\tomcat-embed-el\10.1.12\tomcat-embed-el-10.1.12.jar;C:\Users\cinar\.m2\repository\org\apache\tomcat\embed\tomcat-embed-websocket\10.1.12\tomcat-embed-websocket-10.1.12.jar;C:\Users\cinar\.m2\repository\org\springframework\spring-web\6.0.11\spring-web-6.0.11.jar;C:\Users\cinar\.m2\repository\io\micrometer\micrometer-observation\1.11.3\micrometer-observation-1.11.3.jar;C:\Users\cinar\.m2\repository\io\micrometer\micrometer-commons\1.11.3\micrometer-commons-1.11.3.jar;C:\Users\cinar\.m2\repository\org\springframework\spring-webmvc\6.0.11\spring-webmvc-6.0.11.jar;C:\Users\cinar\.m2\repository\org\springframework\spring-expression\6.0.11\spring-expression-6.0.11.jar;C:\Users\cinar\.m2\repository\org\springframework\boot\spring-boot-devtools\3.1.3\spring-boot-devtools-3.1.3.jar;C:\Users\cinar\.m2\repository\org\springframework\boot\spring-boot\3.1.3\spring-boot-3.1.3.jar;C:\Users\cinar\.m2\repository\org\springframework\boot\spring-boot-autoconfigure\3.1.3\spring-boot-autoconfigure-3.1.3.jar;C:\Users\cinar\.m2\repository\com\mysql\mysql-connector-j\8.0.33\mysql-connector-j-8.0.33.jar;C:\Users\cinar\.m2\repository\org\projectlombok\lombok\1.18.28\lombok-1.18.28.jar;C:\Users\cinar\.m2\repository\org\springframework\boot\spring-boot-starter-test\3.1.3\spring-boot-starter-test-3.1.3.jar;C:\Users\cinar\.m2\repository\org\springframework\boot\spring-boot-test\3.1.3\spring-boot-test-3.1.3.jar;C:\Users\cinar\.m2\repository\org\springframework\boot\spring-boot-test-autoconfigure\3.1.3\spring-boot-test-autoconfigure-3.1.3.jar;C:\Users\cinar\.m2\repository\com\jayway\jsonpath\json-path\2.8.0\json-path-2.8.0.jar;C:\Users\cinar\.m2\repository\jakarta\xml\bind\jakarta.xml.bind-api\4.0.0\jakarta.xml.bind-api-4.0.0.jar;C:\Users\cinar\.m2\repository\jakarta\activation\jakarta.activation-api\2.1.2\jakarta.activation-api-2.1.2.jar;C:\Users\cinar\.m2\repository\net\minidev\json-smart\2.4.11\json-smart-2.4.11.jar;C:\Users\cinar\.m2\repository\net\minidev\accessors-smart\2.4.11\accessors-smart-2.4.11.jar;C:\Users\cinar\.m2\repository\org\ow2\asm\asm\9.3\asm-9.3.jar;C:\Users\cinar\.m2\repository\org\assertj\assertj-core\3.24.2\assertj-core-3.24.2.jar;C:\Users\cinar\.m2\repository\org\hamcrest\hamcrest\2.2\hamcrest-2.2.jar;C:\Users\cinar\.m2\repository\org\junit\jupiter\junit-jupiter\5.9.3\junit-jupiter-5.9.3.jar;C:\Users\cinar\.m2\repository\org\junit\jupiter\junit-jupiter-api\5.9.3\junit-jupiter-api-5.9.3.jar;C:\Users\cinar\.m2\repository\org\opentest4j\opentest4j\1.2.0\opentest4j-1.2.0.jar;C:\Users\cinar\.m2\repository\org\junit\platform\junit-platform-commons\1.9.3\junit-platform-commons-1.9.3.jar;C:\Users\cinar\.m2\repository\org\apiguardian\apiguardian-api\1.1.2\apiguardian-api-1.1.2.jar;C:\Users\cinar\.m2\repository\org\junit\jupiter\junit-jupiter-params\5.9.3\junit-jupiter-params-5.9.3.jar;C:\Users\cinar\.m2\repository\org\junit\jupiter\junit-jupiter-engine\5.9.3\junit-jupiter-engine-5.9.3.jar;C:\Users\cinar\.m2\repository\org\junit\platform\junit-platform-engine\1.9.3\junit-platform-engine-1.9.3.jar;C:\Users\cinar\.m2\repository\org\mockito\mockito-core\5.3.1\mockito-core-5.3.1.jar;C:\Users\cinar\.m2\repository\net\bytebuddy\byte-buddy-agent\1.14.6\byte-buddy-agent-1.14.6.jar;C:\Users\cinar\.m2\repository\org\objenesis\objenesis\3.3\objenesis-3.3.jar;C:\Users\cinar\.m2\repository\org\mockito\mockito-junit-jupiter\5.3.1\mockito-junit-jupiter-5.3.1.jar;C:\Users\cinar\.m2\repository\org\skyscreamer\jsonassert\1.5.1\jsonassert-1.5.1.jar;C:\Users\cinar\.m2\repository\com\vaadin\external\google\android-json\0.0.20131108.vaadin1\android-json-0.0.20131108.vaadin1.jar;C:\Users\cinar\.m2\repository\org\springframework\spring-core\6.0.11\spring-core-6.0.11.jar;C:\Users\cinar\.m2\repository\org\springframework\spring-jcl\6.0.11\spring-jcl-6.0.11.jar;C:\Users\cinar\.m2\repository\org\springframework\spring-test\6.0.11\spring-test-6.0.11.jar;C:\Users\cinar\.m2\repository\org\xmlunit\xmlunit-core\2.9.1\xmlunit-core-2.9.1.jar;C:\Users\cinar\.m2\repository\org\jetbrains\annotations\24.0.1\annotations-24.0.1.jar;"/>
    <property name="java.vm.vendor" value="Oracle Corporation"/>
    <property name="sun.arch.data.model" value="64"/>
    <property name="user.variant" value=""/>
    <property name="java.vendor.url" value="https://java.oracle.com/"/>
    <property name="user.timezone" value="Europe/Istanbul"/>
    <property name="org.jboss.logging.provider" value="slf4j"/>
    <property name="os.name" value="Windows 10"/>
    <property name="java.vm.specification.version" value="20"/>
    <property name="sun.java.launcher" value="SUN_STANDARD"/>
    <property name="user.country" value="TR"/>
    <property name="sun.boot.library.path" value="C:\Program Files\Java\jdk-20\bin"/>
    <property name="sun.java.command" value="C:\Users\cinar\AppData\Local\Temp\surefire11797042327352492773\surefirebooter-20230920155556331_3.jar C:\Users\cinar\AppData\Local\Temp\surefire11797042327352492773 2023-09-20T15-55-54_508-jvmRun1 surefire-20230920155556331_1tmp surefire_0-20230920155556331_2tmp"/>
    <property name="jdk.debug" value="release"/>
    <property name="surefire.test.class.path" value="C:\Users\cinar\Desktop\productSupply\target\test-classes;C:\Users\cinar\Desktop\productSupply\target\classes;C:\Users\cinar\.m2\repository\org\springframework\boot\spring-boot-starter-data-jpa\3.1.3\spring-boot-starter-data-jpa-3.1.3.jar;C:\Users\cinar\.m2\repository\org\springframework\boot\spring-boot-starter-aop\3.1.3\spring-boot-starter-aop-3.1.3.jar;C:\Users\cinar\.m2\repository\org\springframework\spring-aop\6.0.11\spring-aop-6.0.11.jar;C:\Users\cinar\.m2\repository\org\aspectj\aspectjweaver\1.9.20\aspectjweaver-1.9.20.jar;C:\Users\cinar\.m2\repository\org\springframework\boot\spring-boot-starter-jdbc\3.1.3\spring-boot-starter-jdbc-3.1.3.jar;C:\Users\cinar\.m2\repository\com\zaxxer\HikariCP\5.0.1\HikariCP-5.0.1.jar;C:\Users\cinar\.m2\repository\org\springframework\spring-jdbc\6.0.11\spring-jdbc-6.0.11.jar;C:\Users\cinar\.m2\repository\org\hibernate\orm\hibernate-core\6.2.7.Final\hibernate-core-6.2.7.Final.jar;C:\Users\cinar\.m2\repository\jakarta\persistence\jakarta.persistence-api\3.1.0\jakarta.persistence-api-3.1.0.jar;C:\Users\cinar\.m2\repository\jakarta\transaction\jakarta.transaction-api\2.0.1\jakarta.transaction-api-2.0.1.jar;C:\Users\cinar\.m2\repository\org\jboss\logging\jboss-logging\3.5.3.Final\jboss-logging-3.5.3.Final.jar;C:\Users\cinar\.m2\repository\org\hibernate\common\hibernate-commons-annotations\6.0.6.Final\hibernate-commons-annotations-6.0.6.Final.jar;C:\Users\cinar\.m2\repository\io\smallrye\jandex\3.0.5\jandex-3.0.5.jar;C:\Users\cinar\.m2\repository\com\fasterxml\classmate\1.5.1\classmate-1.5.1.jar;C:\Users\cinar\.m2\repository\net\bytebuddy\byte-buddy\1.14.6\byte-buddy-1.14.6.jar;C:\Users\cinar\.m2\repository\org\glassfish\jaxb\jaxb-runtime\4.0.3\jaxb-runtime-4.0.3.jar;C:\Users\cinar\.m2\repository\org\glassfish\jaxb\jaxb-core\4.0.3\jaxb-core-4.0.3.jar;C:\Users\cinar\.m2\repository\org\eclipse\angus\angus-activation\2.0.1\angus-activation-2.0.1.jar;C:\Users\cinar\.m2\repository\org\glassfish\jaxb\txw2\4.0.3\txw2-4.0.3.jar;C:\Users\cinar\.m2\repository\com\sun\istack\istack-commons-runtime\4.1.2\istack-commons-runtime-4.1.2.jar;C:\Users\cinar\.m2\repository\jakarta\inject\jakarta.inject-api\2.0.1\jakarta.inject-api-2.0.1.jar;C:\Users\cinar\.m2\repository\org\antlr\antlr4-runtime\4.10.1\antlr4-runtime-4.10.1.jar;C:\Users\cinar\.m2\repository\org\springframework\data\spring-data-jpa\3.1.3\spring-data-jpa-3.1.3.jar;C:\Users\cinar\.m2\repository\org\springframework\data\spring-data-commons\3.1.3\spring-data-commons-3.1.3.jar;C:\Users\cinar\.m2\repository\org\springframework\spring-orm\6.0.11\spring-orm-6.0.11.jar;C:\Users\cinar\.m2\repository\org\springframework\spring-context\6.0.11\spring-context-6.0.11.jar;C:\Users\cinar\.m2\repository\org\springframework\spring-tx\6.0.11\spring-tx-6.0.11.jar;C:\Users\cinar\.m2\repository\org\springframework\spring-beans\6.0.11\spring-beans-6.0.11.jar;C:\Users\cinar\.m2\repository\jakarta\annotation\jakarta.annotation-api\2.1.1\jakarta.annotation-api-2.1.1.jar;C:\Users\cinar\.m2\repository\org\slf4j\slf4j-api\2.0.7\slf4j-api-2.0.7.jar;C:\Users\cinar\.m2\repository\org\springframework\spring-aspects\6.0.11\spring-aspects-6.0.11.jar;C:\Users\cinar\.m2\repository\org\springframework\boot\spring-boot-starter-web\3.1.3\spring-boot-starter-web-3.1.3.jar;C:\Users\cinar\.m2\repository\org\springframework\boot\spring-boot-starter\3.1.3\spring-boot-starter-3.1.3.jar;C:\Users\cinar\.m2\repository\org\springframework\boot\spring-boot-starter-logging\3.1.3\spring-boot-starter-logging-3.1.3.jar;C:\Users\cinar\.m2\repository\ch\qos\logback\logback-classic\1.4.11\logback-classic-1.4.11.jar;C:\Users\cinar\.m2\repository\ch\qos\logback\logback-core\1.4.11\logback-core-1.4.11.jar;C:\Users\cinar\.m2\repository\org\apache\logging\log4j\log4j-to-slf4j\2.20.0\log4j-to-slf4j-2.20.0.jar;C:\Users\cinar\.m2\repository\org\apache\logging\log4j\log4j-api\2.20.0\log4j-api-2.20.0.jar;C:\Users\cinar\.m2\repository\org\slf4j\jul-to-slf4j\2.0.7\jul-to-slf4j-2.0.7.jar;C:\Users\cinar\.m2\repository\org\yaml\snakeyaml\1.33\snakeyaml-1.33.jar;C:\Users\cinar\.m2\repository\org\springframework\boot\spring-boot-starter-json\3.1.3\spring-boot-starter-json-3.1.3.jar;C:\Users\cinar\.m2\repository\com\fasterxml\jackson\core\jackson-databind\2.15.2\jackson-databind-2.15.2.jar;C:\Users\cinar\.m2\repository\com\fasterxml\jackson\core\jackson-annotations\2.15.2\jackson-annotations-2.15.2.jar;C:\Users\cinar\.m2\repository\com\fasterxml\jackson\core\jackson-core\2.15.2\jackson-core-2.15.2.jar;C:\Users\cinar\.m2\repository\com\fasterxml\jackson\datatype\jackson-datatype-jdk8\2.15.2\jackson-datatype-jdk8-2.15.2.jar;C:\Users\cinar\.m2\repository\com\fasterxml\jackson\datatype\jackson-datatype-jsr310\2.15.2\jackson-datatype-jsr310-2.15.2.jar;C:\Users\cinar\.m2\repository\com\fasterxml\jackson\module\jackson-module-parameter-names\2.15.2\jackson-module-parameter-names-2.15.2.jar;C:\Users\cinar\.m2\repository\org\springframework\boot\spring-boot-starter-tomcat\3.1.3\spring-boot-starter-tomcat-3.1.3.jar;C:\Users\cinar\.m2\repository\org\apache\tomcat\embed\tomcat-embed-core\10.1.12\tomcat-embed-core-10.1.12.jar;C:\Users\cinar\.m2\repository\org\apache\tomcat\embed\tomcat-embed-el\10.1.12\tomcat-embed-el-10.1.12.jar;C:\Users\cinar\.m2\repository\org\apache\tomcat\embed\tomcat-embed-websocket\10.1.12\tomcat-embed-websocket-10.1.12.jar;C:\Users\cinar\.m2\repository\org\springframework\spring-web\6.0.11\spring-web-6.0.11.jar;C:\Users\cinar\.m2\repository\io\micrometer\micrometer-observation\1.11.3\micrometer-observation-1.11.3.jar;C:\Users\cinar\.m2\repository\io\micrometer\micrometer-commons\1.11.3\micrometer-commons-1.11.3.jar;C:\Users\cinar\.m2\repository\org\springframework\spring-webmvc\6.0.11\spring-webmvc-6.0.11.jar;C:\Users\cinar\.m2\repository\org\springframework\spring-expression\6.0.11\spring-expression-6.0.11.jar;C:\Users\cinar\.m2\repository\org\springframework\boot\spring-boot-devtools\3.1.3\spring-boot-devtools-3.1.3.jar;C:\Users\cinar\.m2\repository\org\springframework\boot\spring-boot\3.1.3\spring-boot-3.1.3.jar;C:\Users\cinar\.m2\repository\org\springframework\boot\spring-boot-autoconfigure\3.1.3\spring-boot-autoconfigure-3.1.3.jar;C:\Users\cinar\.m2\repository\com\mysql\mysql-connector-j\8.0.33\mysql-connector-j-8.0.33.jar;C:\Users\cinar\.m2\repository\org\projectlombok\lombok\1.18.28\lombok-1.18.28.jar;C:\Users\cinar\.m2\repository\org\springframework\boot\spring-boot-starter-test\3.1.3\spring-boot-starter-test-3.1.3.jar;C:\Users\cinar\.m2\repository\org\springframework\boot\spring-boot-test\3.1.3\spring-boot-test-3.1.3.jar;C:\Users\cinar\.m2\repository\org\springframework\boot\spring-boot-test-autoconfigure\3.1.3\spring-boot-test-autoconfigure-3.1.3.jar;C:\Users\cinar\.m2\repository\com\jayway\jsonpath\json-path\2.8.0\json-path-2.8.0.jar;C:\Users\cinar\.m2\repository\jakarta\xml\bind\jakarta.xml.bind-api\4.0.0\jakarta.xml.bind-api-4.0.0.jar;C:\Users\cinar\.m2\repository\jakarta\activation\jakarta.activation-api\2.1.2\jakarta.activation-api-2.1.2.jar;C:\Users\cinar\.m2\repository\net\minidev\json-smart\2.4.11\json-smart-2.4.11.jar;C:\Users\cinar\.m2\repository\net\minidev\accessors-smart\2.4.11\accessors-smart-2.4.11.jar;C:\Users\cinar\.m2\repository\org\ow2\asm\asm\9.3\asm-9.3.jar;C:\Users\cinar\.m2\repository\org\assertj\assertj-core\3.24.2\assertj-core-3.24.2.jar;C:\Users\cinar\.m2\repository\org\hamcrest\hamcrest\2.2\hamcrest-2.2.jar;C:\Users\cinar\.m2\repository\org\junit\jupiter\junit-jupiter\5.9.3\junit-jupiter-5.9.3.jar;C:\Users\cinar\.m2\repository\org\junit\jupiter\junit-jupiter-api\5.9.3\junit-jupiter-api-5.9.3.jar;C:\Users\cinar\.m2\repository\org\opentest4j\opentest4j\1.2.0\opentest4j-1.2.0.jar;C:\Users\cinar\.m2\repository\org\junit\platform\junit-platform-commons\1.9.3\junit-platform-commons-1.9.3.jar;C:\Users\cinar\.m2\repository\org\apiguardian\apiguardian-api\1.1.2\apiguardian-api-1.1.2.jar;C:\Users\cinar\.m2\repository\org\junit\jupiter\junit-jupiter-params\5.9.3\junit-jupiter-params-5.9.3.jar;C:\Users\cinar\.m2\repository\org\junit\jupiter\junit-jupiter-engine\5.9.3\junit-jupiter-engine-5.9.3.jar;C:\Users\cinar\.m2\repository\org\junit\platform\junit-platform-engine\1.9.3\junit-platform-engine-1.9.3.jar;C:\Users\cinar\.m2\repository\org\mockito\mockito-core\5.3.1\mockito-core-5.3.1.jar;C:\Users\cinar\.m2\repository\net\bytebuddy\byte-buddy-agent\1.14.6\byte-buddy-agent-1.14.6.jar;C:\Users\cinar\.m2\repository\org\objenesis\objenesis\3.3\objenesis-3.3.jar;C:\Users\cinar\.m2\repository\org\mockito\mockito-junit-jupiter\5.3.1\mockito-junit-jupiter-5.3.1.jar;C:\Users\cinar\.m2\repository\org\skyscreamer\jsonassert\1.5.1\jsonassert-1.5.1.jar;C:\Users\cinar\.m2\repository\com\vaadin\external\google\android-json\0.0.20131108.vaadin1\android-json-0.0.20131108.vaadin1.jar;C:\Users\cinar\.m2\repository\org\springframework\spring-core\6.0.11\spring-core-6.0.11.jar;C:\Users\cinar\.m2\repository\org\springframework\spring-jcl\6.0.11\spring-jcl-6.0.11.jar;C:\Users\cinar\.m2\repository\org\springframework\spring-test\6.0.11\spring-test-6.0.11.jar;C:\Users\cinar\.m2\repository\org\xmlunit\xmlunit-core\2.9.1\xmlunit-core-2.9.1.jar;C:\Users\cinar\.m2\repository\org\jetbrains\annotations\24.0.1\annotations-24.0.1.jar;"/>
    <property name="sun.cpu.endian" value="little"/>
    <property name="user.home" value="C:\Users\cinar"/>
    <property name="user.language" value="tr"/>
    <property name="java.specification.vendor" value="Oracle Corporation"/>
    <property name="java.version.date" value="2023-07-18"/>
    <property name="java.home" value="C:\Program Files\Java\jdk-20"/>
    <property name="file.separator" value="\"/>
    <property name="basedir" value="C:\Users\cinar\Desktop\productSupply"/>
    <property name="java.vm.compressedOopsMode" value="Zero based"/>
    <property name="line.separator" value="&#10;"/>
    <property name="java.vm.specification.vendor" value="Oracle Corporation"/>
    <property name="java.specification.name" value="Java Platform API Specification"/>
    <property name="FILE_LOG_CHARSET" value="UTF-8"/>
    <property name="java.awt.headless" value="true"/>
    <property name="surefire.real.class.path" value="C:\Users\cinar\AppData\Local\Temp\surefire11797042327352492773\surefirebooter-20230920155556331_3.jar"/>
    <property name="user.script" value=""/>
    <property name="sun.management.compiler" value="HotSpot 64-Bit Tiered Compilers"/>
    <property name="java.runtime.version" value="20.0.2+9-78"/>
    <property name="user.name" value="cinar"/>
    <property name="stdout.encoding" value="Cp1254"/>
    <property name="path.separator" value=";"/>
    <property name="os.version" value="10.0"/>
    <property name="java.runtime.name" value="Java(TM) SE Runtime Environment"/>
    <property name="file.encoding" value="UTF-8"/>
    <property name="java.vm.name" value="Java HotSpot(TM) 64-Bit Server VM"/>
    <property name="localRepository" value="C:\Users\cinar\.m2\repository"/>
    <property name="java.vendor.url.bug" value="https://bugreport.java.com/bugreport/"/>
    <property name="java.io.tmpdir" value="C:\Users\cinar\AppData\Local\Temp\"/>
    <property name="com.zaxxer.hikari.pool_number" value="1"/>
    <property name="java.version" value="20.0.2"/>
    <property name="user.dir" value="C:\Users\cinar\Desktop\productSupply"/>
    <property name="os.arch" value="amd64"/>
    <property name="java.vm.specification.name" value="Java Virtual Machine Specification"/>
    <property name="PID" value="4188"/>
    <property name="sun.os.patch.level" value=""/>
    <property name="CONSOLE_LOG_CHARSET" value="UTF-8"/>
    <property name="native.encoding" value="Cp1254"/>
    <property name="java.library.path" value="C:\Program Files\Java\jdk-20\bin;C:\Windows\Sun\Java\bin;C:\Windows\system32;C:\Windows;C:\Program Files\Common Files\Oracle\Java\javapath;C:\Windows\system32;C:\Windows;C:\Windows\System32\Wbem;C:\Windows\System32\WindowsPowerShell\v1.0\;C:\Windows\System32\OpenSSH\;C:\Program Files\Microsoft SQL Server\150\Tools\Binn\;C:\Program Files\Microsoft SQL Server\Client SDK\ODBC\170\Tools\Binn\;C:\Program Files\dotnet\;C:\Program Files\Git\cmd;C:\Program Files\nodejs\;C:\ProgramData\chocolatey\bin;C:\Program Files (x86)\NVIDIA Corporation\PhysX\Common;C:\Program Files\NVIDIA Corporation\NVIDIA NvDLISR;C:\Users\cinar\AppData\Local\Programs\Python\Python39;C:\Users\cinar\AppData\Local\Programs\Python\Python39\Scripts;C:\Program Files\Docker\Docker\resources\bin;C:\Program Files (x86)\Microsoft SQL Server\160\Tools\Binn\;C:\Program Files\Microsoft SQL Server\160\Tools\Binn\;C:\Program Files\Microsoft SQL Server\160\DTS\Binn\;C:\Users\cinar\Desktop\mysql-8.1.0-winx64\bin;C:\Program Files\apache-maven-3.9.4\bin;C:\Program Files\Java\jdk-20\bin;C:\Users\cinar\AppData\Local\Microsoft\WindowsApps;C:\Users\cinar\.dotnet\tools;C:\Users\cinar\AppData\Local\Programs\Microsoft VS Code\bin;C:\Users\cinar\AppData\Local\GitHubDesktop\bin;C:\Users\cinar\AppData\Roaming\npm;C:\Program Files\JetBrains\IntelliJ IDEA Community Edition 2023.1.2\bin;;C:\Program Files\JetBrains\PyCharm Community Edition 2023.1.2\bin;;C:\Users\cinar\Desktop\mysql-8.1.0-winx64\bin;;."/>
    <property name="java.vm.info" value="mixed mode, sharing"/>
    <property name="stderr.encoding" value="Cp1254"/>
    <property name="java.vendor" value="Oracle Corporation"/>
    <property name="java.vm.version" value="20.0.2+9-78"/>
    <property name="sun.io.unicode.encoding" value="UnicodeLittle"/>
    <property name="java.class.version" value="64.0"/>
  </properties>
  <testcase name="saveUser" classname="com.cinarcorp.productSupply.repository.UserRepositoryTest" time="0.076">
    <error message="could not execute statement [Duplicate entry &apos;sssss@outlook.com&apos; for key &apos;tbl_users.emailId_unique&apos;] [insert into tbl_users (address,email_address,first_name,last_name,id) values (?,?,?,?,?)]; SQL [insert into tbl_users (address,email_address,first_name,last_name,id) values (?,?,?,?,?)]; constraint [tbl_users.emailId_unique]" type="org.springframework.dao.DataIntegrityViolationException"><![CDATA[org.springframework.dao.DataIntegrityViolationException: could not execute statement [Duplicate entry 'sssss@outlook.com' for key 'tbl_users.emailId_unique'] [insert into tbl_users (address,email_address,first_name,last_name,id) values (?,?,?,?,?)]; SQL [insert into tbl_users (address,email_address,first_name,last_name,id) values (?,?,?,?,?)]; constraint [tbl_users.emailId_unique]
	at org.springframework.orm.jpa.vendor.HibernateJpaDialect.convertHibernateAccessException(HibernateJpaDialect.java:269)
	at org.springframework.orm.jpa.vendor.HibernateJpaDialect.translateExceptionIfPossible(HibernateJpaDialect.java:229)
	at org.springframework.orm.jpa.JpaTransactionManager.doCommit(JpaTransactionManager.java:565)
	at org.springframework.transaction.support.AbstractPlatformTransactionManager.processCommit(AbstractPlatformTransactionManager.java:743)
	at org.springframework.transaction.support.AbstractPlatformTransactionManager.commit(AbstractPlatformTransactionManager.java:711)
	at org.springframework.transaction.interceptor.TransactionAspectSupport.commitTransactionAfterReturning(TransactionAspectSupport.java:660)
	at org.springframework.transaction.interceptor.TransactionAspectSupport.invokeWithinTransaction(TransactionAspectSupport.java:410)
	at org.springframework.transaction.interceptor.TransactionInterceptor.invoke(TransactionInterceptor.java:119)
	at org.springframework.aop.framework.ReflectiveMethodInvocation.proceed(ReflectiveMethodInvocation.java:184)
	at org.springframework.dao.support.PersistenceExceptionTranslationInterceptor.invoke(PersistenceExceptionTranslationInterceptor.java:137)
	at org.springframework.aop.framework.ReflectiveMethodInvocation.proceed(ReflectiveMethodInvocation.java:184)
	at org.springframework.data.jpa.repository.support.CrudMethodMetadataPostProcessor$CrudMethodMetadataPopulatingMethodInterceptor.invoke(CrudMethodMetadataPostProcessor.java:164)
	at org.springframework.aop.framework.ReflectiveMethodInvocation.proceed(ReflectiveMethodInvocation.java:184)
	at org.springframework.aop.interceptor.ExposeInvocationInterceptor.invoke(ExposeInvocationInterceptor.java:97)
	at org.springframework.aop.framework.ReflectiveMethodInvocation.proceed(ReflectiveMethodInvocation.java:184)
	at org.springframework.aop.framework.JdkDynamicAopProxy.invoke(JdkDynamicAopProxy.java:244)
	at jdk.proxy2/jdk.proxy2.$Proxy123.save(Unknown Source)
	at com.cinarcorp.productSupply.repository.UserRepositoryTest.saveUser(UserRepositoryTest.java:29)
	at java.base/jdk.internal.reflect.DirectMethodHandleAccessor.invoke(DirectMethodHandleAccessor.java:104)
	at java.base/java.lang.reflect.Method.invoke(Method.java:578)
	at org.junit.platform.commons.util.ReflectionUtils.invokeMethod(ReflectionUtils.java:727)
	at org.junit.jupiter.engine.execution.MethodInvocation.proceed(MethodInvocation.java:60)
	at org.junit.jupiter.engine.execution.InvocationInterceptorChain$ValidatingInvocation.proceed(InvocationInterceptorChain.java:131)
	at org.junit.jupiter.engine.extension.TimeoutExtension.intercept(TimeoutExtension.java:156)
	at org.junit.jupiter.engine.extension.TimeoutExtension.interceptTestableMethod(TimeoutExtension.java:147)
	at org.junit.jupiter.engine.extension.TimeoutExtension.interceptTestMethod(TimeoutExtension.java:86)
	at org.junit.jupiter.engine.execution.InterceptingExecutableInvoker$ReflectiveInterceptorCall.lambda$ofVoidMethod$0(InterceptingExecutableInvoker.java:103)
	at org.junit.jupiter.engine.execution.InterceptingExecutableInvoker.lambda$invoke$0(InterceptingExecutableInvoker.java:93)
	at org.junit.jupiter.engine.execution.InvocationInterceptorChain$InterceptedInvocation.proceed(InvocationInterceptorChain.java:106)
	at org.junit.jupiter.engine.execution.InvocationInterceptorChain.proceed(InvocationInterceptorChain.java:64)
	at org.junit.jupiter.engine.execution.InvocationInterceptorChain.chainAndInvoke(InvocationInterceptorChain.java:45)
	at org.junit.jupiter.engine.execution.InvocationInterceptorChain.invoke(InvocationInterceptorChain.java:37)
	at org.junit.jupiter.engine.execution.InterceptingExecutableInvoker.invoke(InterceptingExecutableInvoker.java:92)
	at org.junit.jupiter.engine.execution.InterceptingExecutableInvoker.invoke(InterceptingExecutableInvoker.java:86)
	at org.junit.jupiter.engine.descriptor.TestMethodTestDescriptor.lambda$invokeTestMethod$7(TestMethodTestDescriptor.java:217)
	at org.junit.platform.engine.support.hierarchical.ThrowableCollector.execute(ThrowableCollector.java:73)
	at org.junit.jupiter.engine.descriptor.TestMethodTestDescriptor.invokeTestMethod(TestMethodTestDescriptor.java:213)
	at org.junit.jupiter.engine.descriptor.TestMethodTestDescriptor.execute(TestMethodTestDescriptor.java:138)
	at org.junit.jupiter.engine.descriptor.TestMethodTestDescriptor.execute(TestMethodTestDescriptor.java:68)
	at org.junit.platform.engine.support.hierarchical.NodeTestTask.lambda$executeRecursively$6(NodeTestTask.java:151)
	at org.junit.platform.engine.support.hierarchical.ThrowableCollector.execute(ThrowableCollector.java:73)
	at org.junit.platform.engine.support.hierarchical.NodeTestTask.lambda$executeRecursively$8(NodeTestTask.java:141)
	at org.junit.platform.engine.support.hierarchical.Node.around(Node.java:137)
	at org.junit.platform.engine.support.hierarchical.NodeTestTask.lambda$executeRecursively$9(NodeTestTask.java:139)
	at org.junit.platform.engine.support.hierarchical.ThrowableCollector.execute(ThrowableCollector.java:73)
	at org.junit.platform.engine.support.hierarchical.NodeTestTask.executeRecursively(NodeTestTask.java:138)
	at org.junit.platform.engine.support.hierarchical.NodeTestTask.execute(NodeTestTask.java:95)
	at java.base/java.util.ArrayList.forEach(ArrayList.java:1511)
	at org.junit.platform.engine.support.hierarchical.SameThreadHierarchicalTestExecutorService.invokeAll(SameThreadHierarchicalTestExecutorService.java:41)
	at org.junit.platform.engine.support.hierarchical.NodeTestTask.lambda$executeRecursively$6(NodeTestTask.java:155)
	at org.junit.platform.engine.support.hierarchical.ThrowableCollector.execute(ThrowableCollector.java:73)
	at org.junit.platform.engine.support.hierarchical.NodeTestTask.lambda$executeRecursively$8(NodeTestTask.java:141)
	at org.junit.platform.engine.support.hierarchical.Node.around(Node.java:137)
	at org.junit.platform.engine.support.hierarchical.NodeTestTask.lambda$executeRecursively$9(NodeTestTask.java:139)
	at org.junit.platform.engine.support.hierarchical.ThrowableCollector.execute(ThrowableCollector.java:73)
	at org.junit.platform.engine.support.hierarchical.NodeTestTask.executeRecursively(NodeTestTask.java:138)
	at org.junit.platform.engine.support.hierarchical.NodeTestTask.execute(NodeTestTask.java:95)
	at java.base/java.util.ArrayList.forEach(ArrayList.java:1511)
	at org.junit.platform.engine.support.hierarchical.SameThreadHierarchicalTestExecutorService.invokeAll(SameThreadHierarchicalTestExecutorService.java:41)
	at org.junit.platform.engine.support.hierarchical.NodeTestTask.lambda$executeRecursively$6(NodeTestTask.java:155)
	at org.junit.platform.engine.support.hierarchical.ThrowableCollector.execute(ThrowableCollector.java:73)
	at org.junit.platform.engine.support.hierarchical.NodeTestTask.lambda$executeRecursively$8(NodeTestTask.java:141)
	at org.junit.platform.engine.support.hierarchical.Node.around(Node.java:137)
	at org.junit.platform.engine.support.hierarchical.NodeTestTask.lambda$executeRecursively$9(NodeTestTask.java:139)
	at org.junit.platform.engine.support.hierarchical.ThrowableCollector.execute(ThrowableCollector.java:73)
	at org.junit.platform.engine.support.hierarchical.NodeTestTask.executeRecursively(NodeTestTask.java:138)
	at org.junit.platform.engine.support.hierarchical.NodeTestTask.execute(NodeTestTask.java:95)
	at org.junit.platform.engine.support.hierarchical.SameThreadHierarchicalTestExecutorService.submit(SameThreadHierarchicalTestExecutorService.java:35)
	at org.junit.platform.engine.support.hierarchical.HierarchicalTestExecutor.execute(HierarchicalTestExecutor.java:57)
	at org.junit.platform.engine.support.hierarchical.HierarchicalTestEngine.execute(HierarchicalTestEngine.java:54)
	at org.junit.platform.launcher.core.EngineExecutionOrchestrator.execute(EngineExecutionOrchestrator.java:147)
	at org.junit.platform.launcher.core.EngineExecutionOrchestrator.execute(EngineExecutionOrchestrator.java:127)
	at org.junit.platform.launcher.core.EngineExecutionOrchestrator.execute(EngineExecutionOrchestrator.java:90)
	at org.junit.platform.launcher.core.EngineExecutionOrchestrator.lambda$execute$0(EngineExecutionOrchestrator.java:55)
	at org.junit.platform.launcher.core.EngineExecutionOrchestrator.withInterceptedStreams(EngineExecutionOrchestrator.java:102)
	at org.junit.platform.launcher.core.EngineExecutionOrchestrator.execute(EngineExecutionOrchestrator.java:54)
	at org.junit.platform.launcher.core.DefaultLauncher.execute(DefaultLauncher.java:114)
	at org.junit.platform.launcher.core.DefaultLauncher.execute(DefaultLauncher.java:86)
	at org.junit.platform.launcher.core.DefaultLauncherSession$DelegatingLauncher.execute(DefaultLauncherSession.java:86)
	at org.apache.maven.surefire.junitplatform.LazyLauncher.execute(LazyLauncher.java:50)
	at org.apache.maven.surefire.junitplatform.JUnitPlatformProvider.execute(JUnitPlatformProvider.java:184)
	at org.apache.maven.surefire.junitplatform.JUnitPlatformProvider.invokeAllTests(JUnitPlatformProvider.java:148)
	at org.apache.maven.surefire.junitplatform.JUnitPlatformProvider.invoke(JUnitPlatformProvider.java:122)
	at org.apache.maven.surefire.booter.ForkedBooter.runSuitesInProcess(ForkedBooter.java:385)
	at org.apache.maven.surefire.booter.ForkedBooter.execute(ForkedBooter.java:162)
	at org.apache.maven.surefire.booter.ForkedBooter.run(ForkedBooter.java:507)
	at org.apache.maven.surefire.booter.ForkedBooter.main(ForkedBooter.java:495)
Caused by: org.hibernate.exception.ConstraintViolationException: could not execute statement [Duplicate entry 'sssss@outlook.com' for key 'tbl_users.emailId_unique'] [insert into tbl_users (address,email_address,first_name,last_name,id) values (?,?,?,?,?)]
	at org.hibernate.exception.internal.SQLExceptionTypeDelegate.convert(SQLExceptionTypeDelegate.java:60)
	at org.hibernate.exception.internal.StandardSQLExceptionConverter.convert(StandardSQLExceptionConverter.java:56)
	at org.hibernate.engine.jdbc.spi.SqlExceptionHelper.convert(SqlExceptionHelper.java:108)
	at org.hibernate.engine.jdbc.internal.ResultSetReturnImpl.executeUpdate(ResultSetReturnImpl.java:278)
	at org.hibernate.engine.jdbc.mutation.internal.AbstractMutationExecutor.performNonBatchedMutation(AbstractMutationExecutor.java:108)
	at org.hibernate.engine.jdbc.mutation.internal.MutationExecutorSingleNonBatched.performNonBatchedOperations(MutationExecutorSingleNonBatched.java:40)
	at org.hibernate.engine.jdbc.mutation.internal.AbstractMutationExecutor.execute(AbstractMutationExecutor.java:53)
	at org.hibernate.persister.entity.mutation.InsertCoordinator.doStaticInserts(InsertCoordinator.java:169)
	at org.hibernate.persister.entity.mutation.InsertCoordinator.coordinateInsert(InsertCoordinator.java:111)
	at org.hibernate.persister.entity.AbstractEntityPersister.insert(AbstractEntityPersister.java:2762)
	at org.hibernate.action.internal.EntityInsertAction.execute(EntityInsertAction.java:102)
	at org.hibernate.engine.spi.ActionQueue.executeActions(ActionQueue.java:633)
	at org.hibernate.engine.spi.ActionQueue.executeActions(ActionQueue.java:502)
	at org.hibernate.event.internal.AbstractFlushingEventListener.performExecutions(AbstractFlushingEventListener.java:358)
	at org.hibernate.event.internal.DefaultFlushEventListener.onFlush(DefaultFlushEventListener.java:39)
	at org.hibernate.event.service.internal.EventListenerGroupImpl.fireEventOnEachListener(EventListenerGroupImpl.java:127)
	at org.hibernate.internal.SessionImpl.doFlush(SessionImpl.java:1412)
	at org.hibernate.internal.SessionImpl.managedFlush(SessionImpl.java:485)
	at org.hibernate.internal.SessionImpl.flushBeforeTransactionCompletion(SessionImpl.java:2301)
	at org.hibernate.internal.SessionImpl.beforeTransactionCompletion(SessionImpl.java:1966)
	at org.hibernate.engine.jdbc.internal.JdbcCoordinatorImpl.beforeTransactionCompletion(JdbcCoordinatorImpl.java:439)
	at org.hibernate.resource.transaction.backend.jdbc.internal.JdbcResourceLocalTransactionCoordinatorImpl.beforeCompletionCallback(JdbcResourceLocalTransactionCoordinatorImpl.java:169)
	at org.hibernate.resource.transaction.backend.jdbc.internal.JdbcResourceLocalTransactionCoordinatorImpl$TransactionDriverControlImpl.commit(JdbcResourceLocalTransactionCoordinatorImpl.java:267)
	at org.hibernate.engine.transaction.internal.TransactionImpl.commit(TransactionImpl.java:101)
	at org.springframework.orm.jpa.JpaTransactionManager.doCommit(JpaTransactionManager.java:561)
	... 84 more
Caused by: java.sql.SQLIntegrityConstraintViolationException: Duplicate entry 'sssss@outlook.com' for key 'tbl_users.emailId_unique'
	at com.mysql.cj.jdbc.exceptions.SQLError.createSQLException(SQLError.java:118)
	at com.mysql.cj.jdbc.exceptions.SQLExceptionsMapping.translateException(SQLExceptionsMapping.java:122)
	at com.mysql.cj.jdbc.ClientPreparedStatement.executeInternal(ClientPreparedStatement.java:916)
	at com.mysql.cj.jdbc.ClientPreparedStatement.executeUpdateInternal(ClientPreparedStatement.java:1061)
	at com.mysql.cj.jdbc.ClientPreparedStatement.executeUpdateInternal(ClientPreparedStatement.java:1009)
	at com.mysql.cj.jdbc.ClientPreparedStatement.executeLargeUpdate(ClientPreparedStatement.java:1320)
	at com.mysql.cj.jdbc.ClientPreparedStatement.executeUpdate(ClientPreparedStatement.java:994)
	at com.zaxxer.hikari.pool.ProxyPreparedStatement.executeUpdate(ProxyPreparedStatement.java:61)
	at com.zaxxer.hikari.pool.HikariProxyPreparedStatement.executeUpdate(HikariProxyPreparedStatement.java)
	at org.hibernate.engine.jdbc.internal.ResultSetReturnImpl.executeUpdate(ResultSetReturnImpl.java:275)
	... 105 more
]]></error>
    <system-out><![CDATA[2023-09-20T15:56:01.674+03:00  INFO 4188 --- [           main] t.c.s.AnnotationConfigContextLoaderUtils : Could not detect default configuration classes for test class [com.cinarcorp.productSupply.repository.UserRepositoryTest]: UserRepositoryTest does not declare any static, non-private, non-final, nested classes annotated with @Configuration.
2023-09-20T15:56:01.680+03:00  INFO 4188 --- [           main] .b.t.c.SpringBootTestContextBootstrapper : Found @SpringBootConfiguration com.cinarcorp.productSupply.ProductSupplyApplication for test class com.cinarcorp.productSupply.repository.UserRepositoryTest
Hibernate: insert into tbl_users (address,email_address,first_name,last_name,id) values (?,?,?,?,?)
2023-09-20T15:56:01.751+03:00  WARN 4188 --- [           main] o.h.engine.jdbc.spi.SqlExceptionHelper   : SQL Error: 1062, SQLState: 23000
2023-09-20T15:56:01.751+03:00 ERROR 4188 --- [           main] o.h.engine.jdbc.spi.SqlExceptionHelper   : Duplicate entry 'sssss@outlook.com' for key 'tbl_users.emailId_unique'
]]></system-out>
  </testcase>
  <testcase name="testFindAllUsers" classname="com.cinarcorp.productSupply.repository.UserRepositoryTest" time="0.114">
    <system-out><![CDATA[Hibernate: select u1_0.id,u1_0.address,u1_0.email_address,u1_0.first_name,u1_0.last_name from tbl_users u1_0
Hibernate: select o1_0.user_id,o1_0.id,o1_0.is_complete,o1_0.order_date,o1_0.piece,o1_0.total_paid from tbl_orders o1_0 where o1_0.user_id=?
Hibernate: select p1_0.order_id,p1_0.id,p1_0.description,p1_0.price,p1_0.product_name from tbl_products p1_0 where p1_0.order_id=?
Hibernate: select p1_0.order_id,p1_0.id,p1_0.description,p1_0.price,p1_0.product_name from tbl_products p1_0 where p1_0.order_id=?
Hibernate: select p1_0.order_id,p1_0.id,p1_0.description,p1_0.price,p1_0.product_name from tbl_products p1_0 where p1_0.order_id=?
Hibernate: select o1_0.user_id,o1_0.id,o1_0.is_complete,o1_0.order_date,o1_0.piece,o1_0.total_paid from tbl_orders o1_0 where o1_0.user_id=?
Hibernate: select p1_0.order_id,p1_0.id,p1_0.description,p1_0.price,p1_0.product_name from tbl_products p1_0 where p1_0.order_id=?
Hibernate: select o1_0.user_id,o1_0.id,o1_0.is_complete,o1_0.order_date,o1_0.piece,o1_0.total_paid from tbl_orders o1_0 where o1_0.user_id=?
Hibernate: select p1_0.order_id,p1_0.id,p1_0.description,p1_0.price,p1_0.product_name from tbl_products p1_0 where p1_0.order_id=?
Hibernate: select p1_0.order_id,p1_0.id,p1_0.description,p1_0.price,p1_0.product_name from tbl_products p1_0 where p1_0.order_id=?
Hibernate: select p1_0.order_id,p1_0.id,p1_0.description,p1_0.price,p1_0.product_name from tbl_products p1_0 where p1_0.order_id=?
Hibernate: select p1_0.order_id,p1_0.id,p1_0.description,p1_0.price,p1_0.product_name from tbl_products p1_0 where p1_0.order_id=?
Hibernate: select p1_0.order_id,p1_0.id,p1_0.description,p1_0.price,p1_0.product_name from tbl_products p1_0 where p1_0.order_id=?
Hibernate: select p1_0.order_id,p1_0.id,p1_0.description,p1_0.price,p1_0.product_name from tbl_products p1_0 where p1_0.order_id=?
Hibernate: select p1_0.order_id,p1_0.id,p1_0.description,p1_0.price,p1_0.product_name from tbl_products p1_0 where p1_0.order_id=?
Hibernate: select p1_0.order_id,p1_0.id,p1_0.description,p1_0.price,p1_0.product_name from tbl_products p1_0 where p1_0.order_id=?
Hibernate: select p1_0.order_id,p1_0.id,p1_0.description,p1_0.price,p1_0.product_name from tbl_products p1_0 where p1_0.order_id=?
Hibernate: select p1_0.order_id,p1_0.id,p1_0.description,p1_0.price,p1_0.product_name from tbl_products p1_0 where p1_0.order_id=?
Hibernate: select p1_0.order_id,p1_0.id,p1_0.description,p1_0.price,p1_0.product_name from tbl_products p1_0 where p1_0.order_id=?
Hibernate: select p1_0.order_id,p1_0.id,p1_0.description,p1_0.price,p1_0.product_name from tbl_products p1_0 where p1_0.order_id=?
Hibernate: select p1_0.order_id,p1_0.id,p1_0.description,p1_0.price,p1_0.product_name from tbl_products p1_0 where p1_0.order_id=?
Hibernate: select p1_0.order_id,p1_0.id,p1_0.description,p1_0.price,p1_0.product_name from tbl_products p1_0 where p1_0.order_id=?
Hibernate: select p1_0.order_id,p1_0.id,p1_0.description,p1_0.price,p1_0.product_name from tbl_products p1_0 where p1_0.order_id=?
User ID: 64aed5d5-e239-42bd-8a00-902ceba8ff66
First Name: abc
Last Name: cinar
Address: Sarıyer/İstanbul Garipçe mah Fehim sokak no 93
Email: a-a@outlook.com
Order ID: 117793e0-95a2-4a2b-bea5-b75449799aaa
Order ID: 197f30f5-1488-42d1-b22a-3c6c94d3b730
Order ID: 2b026c7f-8426-4ce2-acee-ff1024b4dd4c
Order ID: 3547afd5-05c2-42a3-bd2a-f4478dd169bc
Order ID: 38469998-7ee8-426f-8f65-0b58bd5f3ede
Order ID: 3f6eebf7-5d14-473f-9595-60c577f3bece
Order ID: 61a5b3b9-ffda-49b4-8222-20a0f446a697
Order ID: 69836623-8faf-47a8-a11b-a2e42dd85ae9
Order ID: 8e0c2c37-554f-4d01-822e-b8384bf68743
Order ID: 8f0332c3-5bb1-4fd0-ae1c-26e45ad27a12
Order ID: 9e0d7ebc-1ef5-448e-afa5-7047778e3dac
Order ID: a174c91a-6d12-4e0b-b2af-0cbde3a709df
Order ID: de84a39f-628b-4038-aa12-f27a50d840b9
Order ID: edca68df-4775-4532-8478-6e3c7365ff2c
Order ID: f74218b3-1553-411f-9a4c-d839220ab18b
------------------------------
User ID: 91572fd3-20d3-48f5-9987-2c48a96dd53e
First Name: çınar
Last Name: ssssss
Address: TÜRKİYE
Email: sadasdasdasdsa@outlook.com
Order ID: c740b4a9-9c0a-401a-997a-ac232157240d
------------------------------
User ID: f185fdce-6d0f-4897-b274-5cd5438f18d6
First Name: çınar
Last Name: ssssss
Address: TÜRKİYE
Email: sssss@outlook.com
Order ID: 7e1e6010-0ea9-4ef0-bea8-c67669694553
Order ID: dbcee1c6-a4b8-4593-b9aa-730905fdaf79
Order ID: df696007-7c39-4bc2-94d7-8b60036a35ea
------------------------------
]]></system-out>
  </testcase>
  <testcase name="getUserById" classname="com.cinarcorp.productSupply.repository.UserRepositoryTest" time="0.074">
    <error type="java.lang.StackOverflowError"><![CDATA[java.lang.StackOverflowError
	at com.cinarcorp.productSupply.model.Order.getUser(Order.java:28)
	at com.cinarcorp.productSupply.model.Order.toString(Order.java:15)
	at java.base/java.lang.String.valueOf(String.java:4230)
	at java.base/java.lang.StringBuilder.append(StringBuilder.java:173)
	at java.base/java.util.AbstractCollection.toString(AbstractCollection.java:459)
	at org.hibernate.collection.spi.PersistentBag.toString(PersistentBag.java:590)
	at java.base/java.lang.String.valueOf(String.java:4230)
	at com.cinarcorp.productSupply.model.User.toString(User.java:13)
	at java.base/java.lang.String.valueOf(String.java:4230)
	at com.cinarcorp.productSupply.model.Order.toString(Order.java:15)
	at java.base/java.lang.String.valueOf(String.java:4230)
	at java.base/java.lang.StringBuilder.append(StringBuilder.java:173)
	at java.base/java.util.AbstractCollection.toString(AbstractCollection.java:459)
	at org.hibernate.collection.spi.PersistentBag.toString(PersistentBag.java:590)
	at java.base/java.lang.String.valueOf(String.java:4230)
	at com.cinarcorp.productSupply.model.User.toString(User.java:13)
	at java.base/java.lang.String.valueOf(String.java:4230)
	at com.cinarcorp.productSupply.model.Order.toString(Order.java:15)
	at java.base/java.lang.String.valueOf(String.java:4230)
	at java.base/java.lang.StringBuilder.append(StringBuilder.java:173)
	at java.base/java.util.AbstractCollection.toString(AbstractCollection.java:459)
	at org.hibernate.collection.spi.PersistentBag.toString(PersistentBag.java:590)
	at java.base/java.lang.String.valueOf(String.java:4230)
	at com.cinarcorp.productSupply.model.User.toString(User.java:13)
	at java.base/java.lang.String.valueOf(String.java:4230)
	at com.cinarcorp.productSupply.model.Order.toString(Order.java:15)
	at java.base/java.lang.String.valueOf(String.java:4230)
	at java.base/java.lang.StringBuilder.append(StringBuilder.java:173)
	at java.base/java.util.AbstractCollection.toString(AbstractCollection.java:459)
	at org.hibernate.collection.spi.PersistentBag.toString(PersistentBag.java:590)
	at java.base/java.lang.String.valueOf(String.java:4230)
	at com.cinarcorp.productSupply.model.User.toString(User.java:13)
	at java.base/java.lang.String.valueOf(String.java:4230)
	at com.cinarcorp.productSupply.model.Order.toString(Order.java:15)
	at java.base/java.lang.String.valueOf(String.java:4230)
	at java.base/java.lang.StringBuilder.append(StringBuilder.java:173)
	at java.base/java.util.AbstractCollection.toString(AbstractCollection.java:459)
	at org.hibernate.collection.spi.PersistentBag.toString(PersistentBag.java:590)
	at java.base/java.lang.String.valueOf(String.java:4230)
	at com.cinarcorp.productSupply.model.User.toString(User.java:13)
	at java.base/java.lang.String.valueOf(String.java:4230)
	at com.cinarcorp.productSupply.model.Order.toString(Order.java:15)
	at java.base/java.lang.String.valueOf(String.java:4230)
	at java.base/java.lang.StringBuilder.append(StringBuilder.java:173)
	at java.base/java.util.AbstractCollection.toString(AbstractCollection.java:459)
	at org.hibernate.collection.spi.PersistentBag.toString(PersistentBag.java:590)
	at java.base/java.lang.String.valueOf(String.java:4230)
	at com.cinarcorp.productSupply.model.User.toString(User.java:13)
	at java.base/java.lang.String.valueOf(String.java:4230)
	at com.cinarcorp.productSupply.model.Order.toString(Order.java:15)
	at java.base/java.lang.String.valueOf(String.java:4230)
	at java.base/java.lang.StringBuilder.append(StringBuilder.java:173)
	at java.base/java.util.AbstractCollection.toString(AbstractCollection.java:459)
	at org.hibernate.collection.spi.PersistentBag.toString(PersistentBag.java:590)
	at java.base/java.lang.String.valueOf(String.java:4230)
	at com.cinarcorp.productSupply.model.User.toString(User.java:13)
	at java.base/java.lang.String.valueOf(String.java:4230)
	at com.cinarcorp.productSupply.model.Order.toString(Order.java:15)
	at java.base/java.lang.String.valueOf(String.java:4230)
	at java.base/java.lang.StringBuilder.append(StringBuilder.java:173)
	at java.base/java.util.AbstractCollection.toString(AbstractCollection.java:459)
	at org.hibernate.collection.spi.PersistentBag.toString(PersistentBag.java:590)
	at java.base/java.lang.String.valueOf(String.java:4230)
	at com.cinarcorp.productSupply.model.User.toString(User.java:13)
	at java.base/java.lang.String.valueOf(String.java:4230)
	at com.cinarcorp.productSupply.model.Order.toString(Order.java:15)
	at java.base/java.lang.String.valueOf(String.java:4230)
	at java.base/java.lang.StringBuilder.append(StringBuilder.java:173)
	at java.base/java.util.AbstractCollection.toString(AbstractCollection.java:459)
	at org.hibernate.collection.spi.PersistentBag.toString(PersistentBag.java:590)
	at java.base/java.lang.String.valueOf(String.java:4230)
	at com.cinarcorp.productSupply.model.User.toString(User.java:13)
	at java.base/java.lang.String.valueOf(String.java:4230)
	at com.cinarcorp.productSupply.model.Order.toString(Order.java:15)
	at java.base/java.lang.String.valueOf(String.java:4230)
	at java.base/java.lang.StringBuilder.append(StringBuilder.java:173)
	at java.base/java.util.AbstractCollection.toString(AbstractCollection.java:459)
	at org.hibernate.collection.spi.PersistentBag.toString(PersistentBag.java:590)
	at java.base/java.lang.String.valueOf(String.java:4230)
	at com.cinarcorp.productSupply.model.User.toString(User.java:13)
	at java.base/java.lang.String.valueOf(String.java:4230)
	at com.cinarcorp.productSupply.model.Order.toString(Order.java:15)
	at java.base/java.lang.String.valueOf(String.java:4230)
	at java.base/java.lang.StringBuilder.append(StringBuilder.java:173)
	at java.base/java.util.AbstractCollection.toString(AbstractCollection.java:459)
	at org.hibernate.collection.spi.PersistentBag.toString(PersistentBag.java:590)
	at java.base/java.lang.String.valueOf(String.java:4230)
	at com.cinarcorp.productSupply.model.User.toString(User.java:13)
	at java.base/java.lang.String.valueOf(String.java:4230)
	at com.cinarcorp.productSupply.model.Order.toString(Order.java:15)
	at java.base/java.lang.String.valueOf(String.java:4230)
	at java.base/java.lang.StringBuilder.append(StringBuilder.java:173)
	at java.base/java.util.AbstractCollection.toString(AbstractCollection.java:459)
	at org.hibernate.collection.spi.PersistentBag.toString(PersistentBag.java:590)
	at java.base/java.lang.String.valueOf(String.java:4230)
	at com.cinarcorp.productSupply.model.User.toString(User.java:13)
	at java.base/java.lang.String.valueOf(String.java:4230)
	at com.cinarcorp.productSupply.model.Order.toString(Order.java:15)
	at java.base/java.lang.String.valueOf(String.java:4230)
	at java.base/java.lang.StringBuilder.append(StringBuilder.java:173)
	at java.base/java.util.AbstractCollection.toString(AbstractCollection.java:459)
	at org.hibernate.collection.spi.PersistentBag.toString(PersistentBag.java:590)
	at java.base/java.lang.String.valueOf(String.java:4230)
	at com.cinarcorp.productSupply.model.User.toString(User.java:13)
	at java.base/java.lang.String.valueOf(String.java:4230)
	at com.cinarcorp.productSupply.model.Order.toString(Order.java:15)
	at java.base/java.lang.String.valueOf(String.java:4230)
	at java.base/java.lang.StringBuilder.append(StringBuilder.java:173)
	at java.base/java.util.AbstractCollection.toString(AbstractCollection.java:459)
	at org.hibernate.collection.spi.PersistentBag.toString(PersistentBag.java:590)
	at java.base/java.lang.String.valueOf(String.java:4230)
	at com.cinarcorp.productSupply.model.User.toString(User.java:13)
	at java.base/java.lang.String.valueOf(String.java:4230)
	at com.cinarcorp.productSupply.model.Order.toString(Order.java:15)
	at java.base/java.lang.String.valueOf(String.java:4230)
	at java.base/java.lang.StringBuilder.append(StringBuilder.java:173)
	at java.base/java.util.AbstractCollection.toString(AbstractCollection.java:459)
	at org.hibernate.collection.spi.PersistentBag.toString(PersistentBag.java:590)
	at java.base/java.lang.String.valueOf(String.java:4230)
	at com.cinarcorp.productSupply.model.User.toString(User.java:13)
	at java.base/java.lang.String.valueOf(String.java:4230)
	at com.cinarcorp.productSupply.model.Order.toString(Order.java:15)
	at java.base/java.lang.String.valueOf(String.java:4230)
	at java.base/java.lang.StringBuilder.append(StringBuilder.java:173)
	at java.base/java.util.AbstractCollection.toString(AbstractCollection.java:459)
	at org.hibernate.collection.spi.PersistentBag.toString(PersistentBag.java:590)
	at java.base/java.lang.String.valueOf(String.java:4230)
	at com.cinarcorp.productSupply.model.User.toString(User.java:13)
	at java.base/java.lang.String.valueOf(String.java:4230)
	at com.cinarcorp.productSupply.model.Order.toString(Order.java:15)
	at java.base/java.lang.String.valueOf(String.java:4230)
	at java.base/java.lang.StringBuilder.append(StringBuilder.java:173)
	at java.base/java.util.AbstractCollection.toString(AbstractCollection.java:459)
	at org.hibernate.collection.spi.PersistentBag.toString(PersistentBag.java:590)
	at java.base/java.lang.String.valueOf(String.java:4230)
	at com.cinarcorp.productSupply.model.User.toString(User.java:13)
	at java.base/java.lang.String.valueOf(String.java:4230)
	at com.cinarcorp.productSupply.model.Order.toString(Order.java:15)
	at java.base/java.lang.String.valueOf(String.java:4230)
	at java.base/java.lang.StringBuilder.append(StringBuilder.java:173)
	at java.base/java.util.AbstractCollection.toString(AbstractCollection.java:459)
	at org.hibernate.collection.spi.PersistentBag.toString(PersistentBag.java:590)
	at java.base/java.lang.String.valueOf(String.java:4230)
	at com.cinarcorp.productSupply.model.User.toString(User.java:13)
	at java.base/java.lang.String.valueOf(String.java:4230)
	at com.cinarcorp.productSupply.model.Order.toString(Order.java:15)
	at java.base/java.lang.String.valueOf(String.java:4230)
	at java.base/java.lang.StringBuilder.append(StringBuilder.java:173)
	at java.base/java.util.AbstractCollection.toString(AbstractCollection.java:459)
	at org.hibernate.collection.spi.PersistentBag.toString(PersistentBag.java:590)
	at java.base/java.lang.String.valueOf(String.java:4230)
	at com.cinarcorp.productSupply.model.User.toString(User.java:13)
	at java.base/java.lang.String.valueOf(String.java:4230)
	at com.cinarcorp.productSupply.model.Order.toString(Order.java:15)
	at java.base/java.lang.String.valueOf(String.java:4230)
	at java.base/java.lang.StringBuilder.append(StringBuilder.java:173)
	at java.base/java.util.AbstractCollection.toString(AbstractCollection.java:459)
	at org.hibernate.collection.spi.PersistentBag.toString(PersistentBag.java:590)
	at java.base/java.lang.String.valueOf(String.java:4230)
	at com.cinarcorp.productSupply.model.User.toString(User.java:13)
	at java.base/java.lang.String.valueOf(String.java:4230)
	at com.cinarcorp.productSupply.model.Order.toString(Order.java:15)
	at java.base/java.lang.String.valueOf(String.java:4230)
	at java.base/java.lang.StringBuilder.append(StringBuilder.java:173)
	at java.base/java.util.AbstractCollection.toString(AbstractCollection.java:459)
	at org.hibernate.collection.spi.PersistentBag.toString(PersistentBag.java:590)
	at java.base/java.lang.String.valueOf(String.java:4230)
	at com.cinarcorp.productSupply.model.User.toString(User.java:13)
	at java.base/java.lang.String.valueOf(String.java:4230)
	at com.cinarcorp.productSupply.model.Order.toString(Order.java:15)
	at java.base/java.lang.String.valueOf(String.java:4230)
	at java.base/java.lang.StringBuilder.append(StringBuilder.java:173)
	at java.base/java.util.AbstractCollection.toString(AbstractCollection.java:459)
	at org.hibernate.collection.spi.PersistentBag.toString(PersistentBag.java:590)
	at java.base/java.lang.String.valueOf(String.java:4230)
	at com.cinarcorp.productSupply.model.User.toString(User.java:13)
	at java.base/java.lang.String.valueOf(String.java:4230)
	at com.cinarcorp.productSupply.model.Order.toString(Order.java:15)
	at java.base/java.lang.String.valueOf(String.java:4230)
	at java.base/java.lang.StringBuilder.append(StringBuilder.java:173)
	at java.base/java.util.AbstractCollection.toString(AbstractCollection.java:459)
	at org.hibernate.collection.spi.PersistentBag.toString(PersistentBag.java:590)
	at java.base/java.lang.String.valueOf(String.java:4230)
	at com.cinarcorp.productSupply.model.User.toString(User.java:13)
	at java.base/java.lang.String.valueOf(String.java:4230)
	at com.cinarcorp.productSupply.model.Order.toString(Order.java:15)
	at java.base/java.lang.String.valueOf(String.java:4230)
	at java.base/java.lang.StringBuilder.append(StringBuilder.java:173)
	at java.base/java.util.AbstractCollection.toString(AbstractCollection.java:459)
	at org.hibernate.collection.spi.PersistentBag.toString(PersistentBag.java:590)
	at java.base/java.lang.String.valueOf(String.java:4230)
	at com.cinarcorp.productSupply.model.User.toString(User.java:13)
	at java.base/java.lang.String.valueOf(String.java:4230)
	at com.cinarcorp.productSupply.model.Order.toString(Order.java:15)
	at java.base/java.lang.String.valueOf(String.java:4230)
	at java.base/java.lang.StringBuilder.append(StringBuilder.java:173)
	at java.base/java.util.AbstractCollection.toString(AbstractCollection.java:459)
	at org.hibernate.collection.spi.PersistentBag.toString(PersistentBag.java:590)
	at java.base/java.lang.String.valueOf(String.java:4230)
	at com.cinarcorp.productSupply.model.User.toString(User.java:13)
	at java.base/java.lang.String.valueOf(String.java:4230)
	at com.cinarcorp.productSupply.model.Order.toString(Order.java:15)
	at java.base/java.lang.String.valueOf(String.java:4230)
	at java.base/java.lang.StringBuilder.append(StringBuilder.java:173)
	at java.base/java.util.AbstractCollection.toString(AbstractCollection.java:459)
	at org.hibernate.collection.spi.PersistentBag.toString(PersistentBag.java:590)
	at java.base/java.lang.String.valueOf(String.java:4230)
	at com.cinarcorp.productSupply.model.User.toString(User.java:13)
	at java.base/java.lang.String.valueOf(String.java:4230)
	at com.cinarcorp.productSupply.model.Order.toString(Order.java:15)
	at java.base/java.lang.String.valueOf(String.java:4230)
	at java.base/java.lang.StringBuilder.append(StringBuilder.java:173)
	at java.base/java.util.AbstractCollection.toString(AbstractCollection.java:459)
	at org.hibernate.collection.spi.PersistentBag.toString(PersistentBag.java:590)
	at java.base/java.lang.String.valueOf(String.java:4230)
	at com.cinarcorp.productSupply.model.User.toString(User.java:13)
	at java.base/java.lang.String.valueOf(String.java:4230)
	at com.cinarcorp.productSupply.model.Order.toString(Order.java:15)
	at java.base/java.lang.String.valueOf(String.java:4230)
	at java.base/java.lang.StringBuilder.append(StringBuilder.java:173)
	at java.base/java.util.AbstractCollection.toString(AbstractCollection.java:459)
	at org.hibernate.collection.spi.PersistentBag.toString(PersistentBag.java:590)
	at java.base/java.lang.String.valueOf(String.java:4230)
	at com.cinarcorp.productSupply.model.User.toString(User.java:13)
	at java.base/java.lang.String.valueOf(String.java:4230)
	at com.cinarcorp.productSupply.model.Order.toString(Order.java:15)
	at java.base/java.lang.String.valueOf(String.java:4230)
	at java.base/java.lang.StringBuilder.append(StringBuilder.java:173)
	at java.base/java.util.AbstractCollection.toString(AbstractCollection.java:459)
	at org.hibernate.collection.spi.PersistentBag.toString(PersistentBag.java:590)
	at java.base/java.lang.String.valueOf(String.java:4230)
	at com.cinarcorp.productSupply.model.User.toString(User.java:13)
	at java.base/java.lang.String.valueOf(String.java:4230)
	at com.cinarcorp.productSupply.model.Order.toString(Order.java:15)
	at java.base/java.lang.String.valueOf(String.java:4230)
	at java.base/java.lang.StringBuilder.append(StringBuilder.java:173)
	at java.base/java.util.AbstractCollection.toString(AbstractCollection.java:459)
	at org.hibernate.collection.spi.PersistentBag.toString(PersistentBag.java:590)
	at java.base/java.lang.String.valueOf(String.java:4230)
	at com.cinarcorp.productSupply.model.User.toString(User.java:13)
	at java.base/java.lang.String.valueOf(String.java:4230)
	at com.cinarcorp.productSupply.model.Order.toString(Order.java:15)
	at java.base/java.lang.String.valueOf(String.java:4230)
	at java.base/java.lang.StringBuilder.append(StringBuilder.java:173)
	at java.base/java.util.AbstractCollection.toString(AbstractCollection.java:459)
	at org.hibernate.collection.spi.PersistentBag.toString(PersistentBag.java:590)
	at java.base/java.lang.String.valueOf(String.java:4230)
	at com.cinarcorp.productSupply.model.User.toString(User.java:13)
	at java.base/java.lang.String.valueOf(String.java:4230)
	at com.cinarcorp.productSupply.model.Order.toString(Order.java:15)
	at java.base/java.lang.String.valueOf(String.java:4230)
	at java.base/java.lang.StringBuilder.append(StringBuilder.java:173)
	at java.base/java.util.AbstractCollection.toString(AbstractCollection.java:459)
	at org.hibernate.collection.spi.PersistentBag.toString(PersistentBag.java:590)
	at java.base/java.lang.String.valueOf(String.java:4230)
	at com.cinarcorp.productSupply.model.User.toString(User.java:13)
	at java.base/java.lang.String.valueOf(String.java:4230)
	at com.cinarcorp.productSupply.model.Order.toString(Order.java:15)
	at java.base/java.lang.String.valueOf(String.java:4230)
	at java.base/java.lang.StringBuilder.append(StringBuilder.java:173)
	at java.base/java.util.AbstractCollection.toString(AbstractCollection.java:459)
	at org.hibernate.collection.spi.PersistentBag.toString(PersistentBag.java:590)
	at java.base/java.lang.String.valueOf(String.java:4230)
	at com.cinarcorp.productSupply.model.User.toString(User.java:13)
	at java.base/java.lang.String.valueOf(String.java:4230)
	at com.cinarcorp.productSupply.model.Order.toString(Order.java:15)
	at java.base/java.lang.String.valueOf(String.java:4230)
	at java.base/java.lang.StringBuilder.append(StringBuilder.java:173)
	at java.base/java.util.AbstractCollection.toString(AbstractCollection.java:459)
	at org.hibernate.collection.spi.PersistentBag.toString(PersistentBag.java:590)
	at java.base/java.lang.String.valueOf(String.java:4230)
	at com.cinarcorp.productSupply.model.User.toString(User.java:13)
	at java.base/java.lang.String.valueOf(String.java:4230)
	at com.cinarcorp.productSupply.model.Order.toString(Order.java:15)
	at java.base/java.lang.String.valueOf(String.java:4230)
	at java.base/java.lang.StringBuilder.append(StringBuilder.java:173)
	at java.base/java.util.AbstractCollection.toString(AbstractCollection.java:459)
	at org.hibernate.collection.spi.PersistentBag.toString(PersistentBag.java:590)
	at java.base/java.lang.String.valueOf(String.java:4230)
	at com.cinarcorp.productSupply.model.User.toString(User.java:13)
	at java.base/java.lang.String.valueOf(String.java:4230)
	at com.cinarcorp.productSupply.model.Order.toString(Order.java:15)
	at java.base/java.lang.String.valueOf(String.java:4230)
	at java.base/java.lang.StringBuilder.append(StringBuilder.java:173)
	at java.base/java.util.AbstractCollection.toString(AbstractCollection.java:459)
	at org.hibernate.collection.spi.PersistentBag.toString(PersistentBag.java:590)
	at java.base/java.lang.String.valueOf(String.java:4230)
	at com.cinarcorp.productSupply.model.User.toString(User.java:13)
	at java.base/java.lang.String.valueOf(String.java:4230)
	at com.cinarcorp.productSupply.model.Order.toString(Order.java:15)
	at java.base/java.lang.String.valueOf(String.java:4230)
	at java.base/java.lang.StringBuilder.append(StringBuilder.java:173)
	at java.base/java.util.AbstractCollection.toString(AbstractCollection.java:459)
	at org.hibernate.collection.spi.PersistentBag.toString(PersistentBag.java:590)
	at java.base/java.lang.String.valueOf(String.java:4230)
	at com.cinarcorp.productSupply.model.User.toString(User.java:13)
	at java.base/java.lang.String.valueOf(String.java:4230)
	at com.cinarcorp.productSupply.model.Order.toString(Order.java:15)
	at java.base/java.lang.String.valueOf(String.java:4230)
	at java.base/java.lang.StringBuilder.append(StringBuilder.java:173)
	at java.base/java.util.AbstractCollection.toString(AbstractCollection.java:459)
	at org.hibernate.collection.spi.PersistentBag.toString(PersistentBag.java:590)
	at java.base/java.lang.String.valueOf(String.java:4230)
	at com.cinarcorp.productSupply.model.User.toString(User.java:13)
	at java.base/java.lang.String.valueOf(String.java:4230)
	at com.cinarcorp.productSupply.model.Order.toString(Order.java:15)
	at java.base/java.lang.String.valueOf(String.java:4230)
	at java.base/java.lang.StringBuilder.append(StringBuilder.java:173)
	at java.base/java.util.AbstractCollection.toString(AbstractCollection.java:459)
	at org.hibernate.collection.spi.PersistentBag.toString(PersistentBag.java:590)
	at java.base/java.lang.String.valueOf(String.java:4230)
	at com.cinarcorp.productSupply.model.User.toString(User.java:13)
	at java.base/java.lang.String.valueOf(String.java:4230)
	at com.cinarcorp.productSupply.model.Order.toString(Order.java:15)
	at java.base/java.lang.String.valueOf(String.java:4230)
	at java.base/java.lang.StringBuilder.append(StringBuilder.java:173)
	at java.base/java.util.AbstractCollection.toString(AbstractCollection.java:459)
	at org.hibernate.collection.spi.PersistentBag.toString(PersistentBag.java:590)
	at java.base/java.lang.String.valueOf(String.java:4230)
	at com.cinarcorp.productSupply.model.User.toString(User.java:13)
	at java.base/java.lang.String.valueOf(String.java:4230)
	at com.cinarcorp.productSupply.model.Order.toString(Order.java:15)
	at java.base/java.lang.String.valueOf(String.java:4230)
	at java.base/java.lang.StringBuilder.append(StringBuilder.java:173)
	at java.base/java.util.AbstractCollection.toString(AbstractCollection.java:459)
	at org.hibernate.collection.spi.PersistentBag.toString(PersistentBag.java:590)
	at java.base/java.lang.String.valueOf(String.java:4230)
	at com.cinarcorp.productSupply.model.User.toString(User.java:13)
	at java.base/java.lang.String.valueOf(String.java:4230)
	at com.cinarcorp.productSupply.model.Order.toString(Order.java:15)
	at java.base/java.lang.String.valueOf(String.java:4230)
	at java.base/java.lang.StringBuilder.append(StringBuilder.java:173)
	at java.base/java.util.AbstractCollection.toString(AbstractCollection.java:459)
	at org.hibernate.collection.spi.PersistentBag.toString(PersistentBag.java:590)
	at java.base/java.lang.String.valueOf(String.java:4230)
	at com.cinarcorp.productSupply.model.User.toString(User.java:13)
	at java.base/java.lang.String.valueOf(String.java:4230)
	at com.cinarcorp.productSupply.model.Order.toString(Order.java:15)
	at java.base/java.lang.String.valueOf(String.java:4230)
	at java.base/java.lang.StringBuilder.append(StringBuilder.java:173)
	at java.base/java.util.AbstractCollection.toString(AbstractCollection.java:459)
	at org.hibernate.collection.spi.PersistentBag.toString(PersistentBag.java:590)
	at java.base/java.lang.String.valueOf(String.java:4230)
	at com.cinarcorp.productSupply.model.User.toString(User.java:13)
	at java.base/java.lang.String.valueOf(String.java:4230)
	at com.cinarcorp.productSupply.model.Order.toString(Order.java:15)
	at java.base/java.lang.String.valueOf(String.java:4230)
	at java.base/java.lang.StringBuilder.append(StringBuilder.java:173)
	at java.base/java.util.AbstractCollection.toString(AbstractCollection.java:459)
	at org.hibernate.collection.spi.PersistentBag.toString(PersistentBag.java:590)
	at java.base/java.lang.String.valueOf(String.java:4230)
	at com.cinarcorp.productSupply.model.User.toString(User.java:13)
	at java.base/java.lang.String.valueOf(String.java:4230)
	at com.cinarcorp.productSupply.model.Order.toString(Order.java:15)
	at java.base/java.lang.String.valueOf(String.java:4230)
	at java.base/java.lang.StringBuilder.append(StringBuilder.java:173)
	at java.base/java.util.AbstractCollection.toString(AbstractCollection.java:459)
	at org.hibernate.collection.spi.PersistentBag.toString(PersistentBag.java:590)
	at java.base/java.lang.String.valueOf(String.java:4230)
	at com.cinarcorp.productSupply.model.User.toString(User.java:13)
	at java.base/java.lang.String.valueOf(String.java:4230)
	at com.cinarcorp.productSupply.model.Order.toString(Order.java:15)
	at java.base/java.lang.String.valueOf(String.java:4230)
	at java.base/java.lang.StringBuilder.append(StringBuilder.java:173)
	at java.base/java.util.AbstractCollection.toString(AbstractCollection.java:459)
	at org.hibernate.collection.spi.PersistentBag.toString(PersistentBag.java:590)
	at java.base/java.lang.String.valueOf(String.java:4230)
	at com.cinarcorp.productSupply.model.User.toString(User.java:13)
	at java.base/java.lang.String.valueOf(String.java:4230)
	at com.cinarcorp.productSupply.model.Order.toString(Order.java:15)
	at java.base/java.lang.String.valueOf(String.java:4230)
	at java.base/java.lang.StringBuilder.append(StringBuilder.java:173)
	at java.base/java.util.AbstractCollection.toString(AbstractCollection.java:459)
	at org.hibernate.collection.spi.PersistentBag.toString(PersistentBag.java:590)
	at java.base/java.lang.String.valueOf(String.java:4230)
	at com.cinarcorp.productSupply.model.User.toString(User.java:13)
	at java.base/java.lang.String.valueOf(String.java:4230)
	at com.cinarcorp.productSupply.model.Order.toString(Order.java:15)
	at java.base/java.lang.String.valueOf(String.java:4230)
	at java.base/java.lang.StringBuilder.append(StringBuilder.java:173)
	at java.base/java.util.AbstractCollection.toString(AbstractCollection.java:459)
	at org.hibernate.collection.spi.PersistentBag.toString(PersistentBag.java:590)
	at java.base/java.lang.String.valueOf(String.java:4230)
	at com.cinarcorp.productSupply.model.User.toString(User.java:13)
	at java.base/java.lang.String.valueOf(String.java:4230)
	at com.cinarcorp.productSupply.model.Order.toString(Order.java:15)
	at java.base/java.lang.String.valueOf(String.java:4230)
	at java.base/java.lang.StringBuilder.append(StringBuilder.java:173)
	at java.base/java.util.AbstractCollection.toString(AbstractCollection.java:459)
	at org.hibernate.collection.spi.PersistentBag.toString(PersistentBag.java:590)
	at java.base/java.lang.String.valueOf(String.java:4230)
	at com.cinarcorp.productSupply.model.User.toString(User.java:13)
	at java.base/java.lang.String.valueOf(String.java:4230)
	at com.cinarcorp.productSupply.model.Order.toString(Order.java:15)
	at java.base/java.lang.String.valueOf(String.java:4230)
	at java.base/java.lang.StringBuilder.append(StringBuilder.java:173)
	at java.base/java.util.AbstractCollection.toString(AbstractCollection.java:459)
	at org.hibernate.collection.spi.PersistentBag.toString(PersistentBag.java:590)
	at java.base/java.lang.String.valueOf(String.java:4230)
	at com.cinarcorp.productSupply.model.User.toString(User.java:13)
	at java.base/java.lang.String.valueOf(String.java:4230)
	at com.cinarcorp.productSupply.model.Order.toString(Order.java:15)
	at java.base/java.lang.String.valueOf(String.java:4230)
	at java.base/java.lang.StringBuilder.append(StringBuilder.java:173)
	at java.base/java.util.AbstractCollection.toString(AbstractCollection.java:459)
	at org.hibernate.collection.spi.PersistentBag.toString(PersistentBag.java:590)
	at java.base/java.lang.String.valueOf(String.java:4230)
	at com.cinarcorp.productSupply.model.User.toString(User.java:13)
	at java.base/java.lang.String.valueOf(String.java:4230)
	at com.cinarcorp.productSupply.model.Order.toString(Order.java:15)
	at java.base/java.lang.String.valueOf(String.java:4230)
	at java.base/java.lang.StringBuilder.append(StringBuilder.java:173)
	at java.base/java.util.AbstractCollection.toString(AbstractCollection.java:459)
	at org.hibernate.collection.spi.PersistentBag.toString(PersistentBag.java:590)
	at java.base/java.lang.String.valueOf(String.java:4230)
	at com.cinarcorp.productSupply.model.User.toString(User.java:13)
	at java.base/java.lang.String.valueOf(String.java:4230)
	at com.cinarcorp.productSupply.model.Order.toString(Order.java:15)
	at java.base/java.lang.String.valueOf(String.java:4230)
	at java.base/java.lang.StringBuilder.append(StringBuilder.java:173)
	at java.base/java.util.AbstractCollection.toString(AbstractCollection.java:459)
	at org.hibernate.collection.spi.PersistentBag.toString(PersistentBag.java:590)
	at java.base/java.lang.String.valueOf(String.java:4230)
	at com.cinarcorp.productSupply.model.User.toString(User.java:13)
	at java.base/java.lang.String.valueOf(String.java:4230)
	at com.cinarcorp.productSupply.model.Order.toString(Order.java:15)
	at java.base/java.lang.String.valueOf(String.java:4230)
	at java.base/java.lang.StringBuilder.append(StringBuilder.java:173)
	at java.base/java.util.AbstractCollection.toString(AbstractCollection.java:459)
	at org.hibernate.collection.spi.PersistentBag.toString(PersistentBag.java:590)
	at java.base/java.lang.String.valueOf(String.java:4230)
	at com.cinarcorp.productSupply.model.User.toString(User.java:13)
	at java.base/java.lang.String.valueOf(String.java:4230)
	at com.cinarcorp.productSupply.model.Order.toString(Order.java:15)
	at java.base/java.lang.String.valueOf(String.java:4230)
	at java.base/java.lang.StringBuilder.append(StringBuilder.java:173)
	at java.base/java.util.AbstractCollection.toString(AbstractCollection.java:459)
	at org.hibernate.collection.spi.PersistentBag.toString(PersistentBag.java:590)
	at java.base/java.lang.String.valueOf(String.java:4230)
	at com.cinarcorp.productSupply.model.User.toString(User.java:13)
	at java.base/java.lang.String.valueOf(String.java:4230)
	at com.cinarcorp.productSupply.model.Order.toString(Order.java:15)
	at java.base/java.lang.String.valueOf(String.java:4230)
	at java.base/java.lang.StringBuilder.append(StringBuilder.java:173)
	at java.base/java.util.AbstractCollection.toString(AbstractCollection.java:459)
	at org.hibernate.collection.spi.PersistentBag.toString(PersistentBag.java:590)
	at java.base/java.lang.String.valueOf(String.java:4230)
	at com.cinarcorp.productSupply.model.User.toString(User.java:13)
	at java.base/java.lang.String.valueOf(String.java:4230)
	at com.cinarcorp.productSupply.model.Order.toString(Order.java:15)
	at java.base/java.lang.String.valueOf(String.java:4230)
	at java.base/java.lang.StringBuilder.append(StringBuilder.java:173)
	at java.base/java.util.AbstractCollection.toString(AbstractCollection.java:459)
	at org.hibernate.collection.spi.PersistentBag.toString(PersistentBag.java:590)
	at java.base/java.lang.String.valueOf(String.java:4230)
	at com.cinarcorp.productSupply.model.User.toString(User.java:13)
	at java.base/java.lang.String.valueOf(String.java:4230)
	at com.cinarcorp.productSupply.model.Order.toString(Order.java:15)
	at java.base/java.lang.String.valueOf(String.java:4230)
	at java.base/java.lang.StringBuilder.append(StringBuilder.java:173)
	at java.base/java.util.AbstractCollection.toString(AbstractCollection.java:459)
	at org.hibernate.collection.spi.PersistentBag.toString(PersistentBag.java:590)
	at java.base/java.lang.String.valueOf(String.java:4230)
	at com.cinarcorp.productSupply.model.User.toString(User.java:13)
	at java.base/java.lang.String.valueOf(String.java:4230)
	at com.cinarcorp.productSupply.model.Order.toString(Order.java:15)
	at java.base/java.lang.String.valueOf(String.java:4230)
	at java.base/java.lang.StringBuilder.append(StringBuilder.java:173)
	at java.base/java.util.AbstractCollection.toString(AbstractCollection.java:459)
	at org.hibernate.collection.spi.PersistentBag.toString(PersistentBag.java:590)
	at java.base/java.lang.String.valueOf(String.java:4230)
	at com.cinarcorp.productSupply.model.User.toString(User.java:13)
	at java.base/java.lang.String.valueOf(String.java:4230)
	at com.cinarcorp.productSupply.model.Order.toString(Order.java:15)
	at java.base/java.lang.String.valueOf(String.java:4230)
	at java.base/java.lang.StringBuilder.append(StringBuilder.java:173)
	at java.base/java.util.AbstractCollection.toString(AbstractCollection.java:459)
	at org.hibernate.collection.spi.PersistentBag.toString(PersistentBag.java:590)
	at java.base/java.lang.String.valueOf(String.java:4230)
	at com.cinarcorp.productSupply.model.User.toString(User.java:13)
	at java.base/java.lang.String.valueOf(String.java:4230)
	at com.cinarcorp.productSupply.model.Order.toString(Order.java:15)
	at java.base/java.lang.String.valueOf(String.java:4230)
	at java.base/java.lang.StringBuilder.append(StringBuilder.java:173)
	at java.base/java.util.AbstractCollection.toString(AbstractCollection.java:459)
	at org.hibernate.collection.spi.PersistentBag.toString(PersistentBag.java:590)
	at java.base/java.lang.String.valueOf(String.java:4230)
	at com.cinarcorp.productSupply.model.User.toString(User.java:13)
	at java.base/java.lang.String.valueOf(String.java:4230)
	at com.cinarcorp.productSupply.model.Order.toString(Order.java:15)
	at java.base/java.lang.String.valueOf(String.java:4230)
	at java.base/java.lang.StringBuilder.append(StringBuilder.java:173)
	at java.base/java.util.AbstractCollection.toString(AbstractCollection.java:459)
	at org.hibernate.collection.spi.PersistentBag.toString(PersistentBag.java:590)
	at java.base/java.lang.String.valueOf(String.java:4230)
	at com.cinarcorp.productSupply.model.User.toString(User.java:13)
	at java.base/java.lang.String.valueOf(String.java:4230)
	at com.cinarcorp.productSupply.model.Order.toString(Order.java:15)
	at java.base/java.lang.String.valueOf(String.java:4230)
	at java.base/java.lang.StringBuilder.append(StringBuilder.java:173)
	at java.base/java.util.AbstractCollection.toString(AbstractCollection.java:459)
	at org.hibernate.collection.spi.PersistentBag.toString(PersistentBag.java:590)
	at java.base/java.lang.String.valueOf(String.java:4230)
	at com.cinarcorp.productSupply.model.User.toString(User.java:13)
	at java.base/java.lang.String.valueOf(String.java:4230)
	at com.cinarcorp.productSupply.model.Order.toString(Order.java:15)
	at java.base/java.lang.String.valueOf(String.java:4230)
	at java.base/java.lang.StringBuilder.append(StringBuilder.java:173)
	at java.base/java.util.AbstractCollection.toString(AbstractCollection.java:459)
	at org.hibernate.collection.spi.PersistentBag.toString(PersistentBag.java:590)
	at java.base/java.lang.String.valueOf(String.java:4230)
	at com.cinarcorp.productSupply.model.User.toString(User.java:13)
	at java.base/java.lang.String.valueOf(String.java:4230)
	at com.cinarcorp.productSupply.model.Order.toString(Order.java:15)
	at java.base/java.lang.String.valueOf(String.java:4230)
	at java.base/java.lang.StringBuilder.append(StringBuilder.java:173)
	at java.base/java.util.AbstractCollection.toString(AbstractCollection.java:459)
	at org.hibernate.collection.spi.PersistentBag.toString(PersistentBag.java:590)
	at java.base/java.lang.String.valueOf(String.java:4230)
	at com.cinarcorp.productSupply.model.User.toString(User.java:13)
	at java.base/java.lang.String.valueOf(String.java:4230)
	at com.cinarcorp.productSupply.model.Order.toString(Order.java:15)
	at java.base/java.lang.String.valueOf(String.java:4230)
	at java.base/java.lang.StringBuilder.append(StringBuilder.java:173)
	at java.base/java.util.AbstractCollection.toString(AbstractCollection.java:459)
	at org.hibernate.collection.spi.PersistentBag.toString(PersistentBag.java:590)
	at java.base/java.lang.String.valueOf(String.java:4230)
	at com.cinarcorp.productSupply.model.User.toString(User.java:13)
	at java.base/java.lang.String.valueOf(String.java:4230)
	at com.cinarcorp.productSupply.model.Order.toString(Order.java:15)
	at java.base/java.lang.String.valueOf(String.java:4230)
	at java.base/java.lang.StringBuilder.append(StringBuilder.java:173)
	at java.base/java.util.AbstractCollection.toString(AbstractCollection.java:459)
	at org.hibernate.collection.spi.PersistentBag.toString(PersistentBag.java:590)
	at java.base/java.lang.String.valueOf(String.java:4230)
	at com.cinarcorp.productSupply.model.User.toString(User.java:13)
	at java.base/java.lang.String.valueOf(String.java:4230)
	at com.cinarcorp.productSupply.model.Order.toString(Order.java:15)
	at java.base/java.lang.String.valueOf(String.java:4230)
	at java.base/java.lang.StringBuilder.append(StringBuilder.java:173)
	at java.base/java.util.AbstractCollection.toString(AbstractCollection.java:459)
	at org.hibernate.collection.spi.PersistentBag.toString(PersistentBag.java:590)
	at java.base/java.lang.String.valueOf(String.java:4230)
	at com.cinarcorp.productSupply.model.User.toString(User.java:13)
	at java.base/java.lang.String.valueOf(String.java:4230)
	at com.cinarcorp.productSupply.model.Order.toString(Order.java:15)
	at java.base/java.lang.String.valueOf(String.java:4230)
	at java.base/java.lang.StringBuilder.append(StringBuilder.java:173)
	at java.base/java.util.AbstractCollection.toString(AbstractCollection.java:459)
	at org.hibernate.collection.spi.PersistentBag.toString(PersistentBag.java:590)
	at java.base/java.lang.String.valueOf(String.java:4230)
	at com.cinarcorp.productSupply.model.User.toString(User.java:13)
	at java.base/java.lang.String.valueOf(String.java:4230)
	at com.cinarcorp.productSupply.model.Order.toString(Order.java:15)
	at java.base/java.lang.String.valueOf(String.java:4230)
	at java.base/java.lang.StringBuilder.append(StringBuilder.java:173)
	at java.base/java.util.AbstractCollection.toString(AbstractCollection.java:459)
	at org.hibernate.collection.spi.PersistentBag.toString(PersistentBag.java:590)
	at java.base/java.lang.String.valueOf(String.java:4230)
	at com.cinarcorp.productSupply.model.User.toString(User.java:13)
	at java.base/java.lang.String.valueOf(String.java:4230)
	at com.cinarcorp.productSupply.model.Order.toString(Order.java:15)
	at java.base/java.lang.String.valueOf(String.java:4230)
	at java.base/java.lang.StringBuilder.append(StringBuilder.java:173)
	at java.base/java.util.AbstractCollection.toString(AbstractCollection.java:459)
	at org.hibernate.collection.spi.PersistentBag.toString(PersistentBag.java:590)
	at java.base/java.lang.String.valueOf(String.java:4230)
	at com.cinarcorp.productSupply.model.User.toString(User.java:13)
	at java.base/java.lang.String.valueOf(String.java:4230)
	at com.cinarcorp.productSupply.model.Order.toString(Order.java:15)
	at java.base/java.lang.String.valueOf(String.java:4230)
	at java.base/java.lang.StringBuilder.append(StringBuilder.java:173)
	at java.base/java.util.AbstractCollection.toString(AbstractCollection.java:459)
	at org.hibernate.collection.spi.PersistentBag.toString(PersistentBag.java:590)
	at java.base/java.lang.String.valueOf(String.java:4230)
	at com.cinarcorp.productSupply.model.User.toString(User.java:13)
	at java.base/java.lang.String.valueOf(String.java:4230)
	at com.cinarcorp.productSupply.model.Order.toString(Order.java:15)
	at java.base/java.lang.String.valueOf(String.java:4230)
	at java.base/java.lang.StringBuilder.append(StringBuilder.java:173)
	at java.base/java.util.AbstractCollection.toString(AbstractCollection.java:459)
	at org.hibernate.collection.spi.PersistentBag.toString(PersistentBag.java:590)
	at java.base/java.lang.String.valueOf(String.java:4230)
	at com.cinarcorp.productSupply.model.User.toString(User.java:13)
	at java.base/java.lang.String.valueOf(String.java:4230)
	at com.cinarcorp.productSupply.model.Order.toString(Order.java:15)
	at java.base/java.lang.String.valueOf(String.java:4230)
	at java.base/java.lang.StringBuilder.append(StringBuilder.java:173)
	at java.base/java.util.AbstractCollection.toString(AbstractCollection.java:459)
	at org.hibernate.collection.spi.PersistentBag.toString(PersistentBag.java:590)
	at java.base/java.lang.String.valueOf(String.java:4230)
	at com.cinarcorp.productSupply.model.User.toString(User.java:13)
	at java.base/java.lang.String.valueOf(String.java:4230)
	at com.cinarcorp.productSupply.model.Order.toString(Order.java:15)
	at java.base/java.lang.String.valueOf(String.java:4230)
	at java.base/java.lang.StringBuilder.append(StringBuilder.java:173)
	at java.base/java.util.AbstractCollection.toString(AbstractCollection.java:459)
	at org.hibernate.collection.spi.PersistentBag.toString(PersistentBag.java:590)
	at java.base/java.lang.String.valueOf(String.java:4230)
	at com.cinarcorp.productSupply.model.User.toString(User.java:13)
	at java.base/java.lang.String.valueOf(String.java:4230)
	at com.cinarcorp.productSupply.model.Order.toString(Order.java:15)
	at java.base/java.lang.String.valueOf(String.java:4230)
	at java.base/java.lang.StringBuilder.append(StringBuilder.java:173)
	at java.base/java.util.AbstractCollection.toString(AbstractCollection.java:459)
	at org.hibernate.collection.spi.PersistentBag.toString(PersistentBag.java:590)
	at java.base/java.lang.String.valueOf(String.java:4230)
	at com.cinarcorp.productSupply.model.User.toString(User.java:13)
	at java.base/java.lang.String.valueOf(String.java:4230)
	at com.cinarcorp.productSupply.model.Order.toString(Order.java:15)
	at java.base/java.lang.String.valueOf(String.java:4230)
	at java.base/java.lang.StringBuilder.append(StringBuilder.java:173)
	at java.base/java.util.AbstractCollection.toString(AbstractCollection.java:459)
	at org.hibernate.collection.spi.PersistentBag.toString(PersistentBag.java:590)
	at java.base/java.lang.String.valueOf(String.java:4230)
	at com.cinarcorp.productSupply.model.User.toString(User.java:13)
	at java.base/java.lang.String.valueOf(String.java:4230)
	at com.cinarcorp.productSupply.model.Order.toString(Order.java:15)
	at java.base/java.lang.String.valueOf(String.java:4230)
	at java.base/java.lang.StringBuilder.append(StringBuilder.java:173)
	at java.base/java.util.AbstractCollection.toString(AbstractCollection.java:459)
	at org.hibernate.collection.spi.PersistentBag.toString(PersistentBag.java:590)
	at java.base/java.lang.String.valueOf(String.java:4230)
	at com.cinarcorp.productSupply.model.User.toString(User.java:13)
	at java.base/java.lang.String.valueOf(String.java:4230)
	at com.cinarcorp.productSupply.model.Order.toString(Order.java:15)
	at java.base/java.lang.String.valueOf(String.java:4230)
	at java.base/java.lang.StringBuilder.append(StringBuilder.java:173)
	at java.base/java.util.AbstractCollection.toString(AbstractCollection.java:459)
	at org.hibernate.collection.spi.PersistentBag.toString(PersistentBag.java:590)
	at java.base/java.lang.String.valueOf(String.java:4230)
	at com.cinarcorp.productSupply.model.User.toString(User.java:13)
	at java.base/java.lang.String.valueOf(String.java:4230)
	at com.cinarcorp.productSupply.model.Order.toString(Order.java:15)
	at java.base/java.lang.String.valueOf(String.java:4230)
	at java.base/java.lang.StringBuilder.append(StringBuilder.java:173)
	at java.base/java.util.AbstractCollection.toString(AbstractCollection.java:459)
	at org.hibernate.collection.spi.PersistentBag.toString(PersistentBag.java:590)
	at java.base/java.lang.String.valueOf(String.java:4230)
	at com.cinarcorp.productSupply.model.User.toString(User.java:13)
	at java.base/java.lang.String.valueOf(String.java:4230)
	at com.cinarcorp.productSupply.model.Order.toString(Order.java:15)
	at java.base/java.lang.String.valueOf(String.java:4230)
	at java.base/java.lang.StringBuilder.append(StringBuilder.java:173)
	at java.base/java.util.AbstractCollection.toString(AbstractCollection.java:459)
	at org.hibernate.collection.spi.PersistentBag.toString(PersistentBag.java:590)
	at java.base/java.lang.String.valueOf(String.java:4230)
	at com.cinarcorp.productSupply.model.User.toString(User.java:13)
	at java.base/java.lang.String.valueOf(String.java:4230)
	at com.cinarcorp.productSupply.model.Order.toString(Order.java:15)
	at java.base/java.lang.String.valueOf(String.java:4230)
	at java.base/java.lang.StringBuilder.append(StringBuilder.java:173)
	at java.base/java.util.AbstractCollection.toString(AbstractCollection.java:459)
	at org.hibernate.collection.spi.PersistentBag.toString(PersistentBag.java:590)
	at java.base/java.lang.String.valueOf(String.java:4230)
	at com.cinarcorp.productSupply.model.User.toString(User.java:13)
	at java.base/java.lang.String.valueOf(String.java:4230)
	at com.cinarcorp.productSupply.model.Order.toString(Order.java:15)
	at java.base/java.lang.String.valueOf(String.java:4230)
	at java.base/java.lang.StringBuilder.append(StringBuilder.java:173)
	at java.base/java.util.AbstractCollection.toString(AbstractCollection.java:459)
	at org.hibernate.collection.spi.PersistentBag.toString(PersistentBag.java:590)
	at java.base/java.lang.String.valueOf(String.java:4230)
	at com.cinarcorp.productSupply.model.User.toString(User.java:13)
	at java.base/java.lang.String.valueOf(String.java:4230)
	at com.cinarcorp.productSupply.model.Order.toString(Order.java:15)
	at java.base/java.lang.String.valueOf(String.java:4230)
	at java.base/java.lang.StringBuilder.append(StringBuilder.java:173)
	at java.base/java.util.AbstractCollection.toString(AbstractCollection.java:459)
	at org.hibernate.collection.spi.PersistentBag.toString(PersistentBag.java:590)
	at java.base/java.lang.String.valueOf(String.java:4230)
	at com.cinarcorp.productSupply.model.User.toString(User.java:13)
	at java.base/java.lang.String.valueOf(String.java:4230)
	at com.cinarcorp.productSupply.model.Order.toString(Order.java:15)
	at java.base/java.lang.String.valueOf(String.java:4230)
	at java.base/java.lang.StringBuilder.append(StringBuilder.java:173)
	at java.base/java.util.AbstractCollection.toString(AbstractCollection.java:459)
	at org.hibernate.collection.spi.PersistentBag.toString(PersistentBag.java:590)
	at java.base/java.lang.String.valueOf(String.java:4230)
	at com.cinarcorp.productSupply.model.User.toString(User.java:13)
	at java.base/java.lang.String.valueOf(String.java:4230)
	at com.cinarcorp.productSupply.model.Order.toString(Order.java:15)
	at java.base/java.lang.String.valueOf(String.java:4230)
	at java.base/java.lang.StringBuilder.append(StringBuilder.java:173)
	at java.base/java.util.AbstractCollection.toString(AbstractCollection.java:459)
	at org.hibernate.collection.spi.PersistentBag.toString(PersistentBag.java:590)
	at java.base/java.lang.String.valueOf(String.java:4230)
	at com.cinarcorp.productSupply.model.User.toString(User.java:13)
	at java.base/java.lang.String.valueOf(String.java:4230)
	at com.cinarcorp.productSupply.model.Order.toString(Order.java:15)
	at java.base/java.lang.String.valueOf(String.java:4230)
	at java.base/java.lang.StringBuilder.append(StringBuilder.java:173)
	at java.base/java.util.AbstractCollection.toString(AbstractCollection.java:459)
	at org.hibernate.collection.spi.PersistentBag.toString(PersistentBag.java:590)
	at java.base/java.lang.String.valueOf(String.java:4230)
	at com.cinarcorp.productSupply.model.User.toString(User.java:13)
	at java.base/java.lang.String.valueOf(String.java:4230)
	at com.cinarcorp.productSupply.model.Order.toString(Order.java:15)
	at java.base/java.lang.String.valueOf(String.java:4230)
	at java.base/java.lang.StringBuilder.append(StringBuilder.java:173)
	at java.base/java.util.AbstractCollection.toString(AbstractCollection.java:459)
	at org.hibernate.collection.spi.PersistentBag.toString(PersistentBag.java:590)
	at java.base/java.lang.String.valueOf(String.java:4230)
	at com.cinarcorp.productSupply.model.User.toString(User.java:13)
	at java.base/java.lang.String.valueOf(String.java:4230)
	at com.cinarcorp.productSupply.model.Order.toString(Order.java:15)
	at java.base/java.lang.String.valueOf(String.java:4230)
	at java.base/java.lang.StringBuilder.append(StringBuilder.java:173)
	at java.base/java.util.AbstractCollection.toString(AbstractCollection.java:459)
	at org.hibernate.collection.spi.PersistentBag.toString(PersistentBag.java:590)
	at java.base/java.lang.String.valueOf(String.java:4230)
	at com.cinarcorp.productSupply.model.User.toString(User.java:13)
	at java.base/java.lang.String.valueOf(String.java:4230)
	at com.cinarcorp.productSupply.model.Order.toString(Order.java:15)
	at java.base/java.lang.String.valueOf(String.java:4230)
	at java.base/java.lang.StringBuilder.append(StringBuilder.java:173)
	at java.base/java.util.AbstractCollection.toString(AbstractCollection.java:459)
	at org.hibernate.collection.spi.PersistentBag.toString(PersistentBag.java:590)
	at java.base/java.lang.String.valueOf(String.java:4230)
	at com.cinarcorp.productSupply.model.User.toString(User.java:13)
	at java.base/java.lang.String.valueOf(String.java:4230)
	at com.cinarcorp.productSupply.model.Order.toString(Order.java:15)
	at java.base/java.lang.String.valueOf(String.java:4230)
	at java.base/java.lang.StringBuilder.append(StringBuilder.java:173)
	at java.base/java.util.AbstractCollection.toString(AbstractCollection.java:459)
	at org.hibernate.collection.spi.PersistentBag.toString(PersistentBag.java:590)
	at java.base/java.lang.String.valueOf(String.java:4230)
	at com.cinarcorp.productSupply.model.User.toString(User.java:13)
	at java.base/java.lang.String.valueOf(String.java:4230)
	at com.cinarcorp.productSupply.model.Order.toString(Order.java:15)
	at java.base/java.lang.String.valueOf(String.java:4230)
	at java.base/java.lang.StringBuilder.append(StringBuilder.java:173)
	at java.base/java.util.AbstractCollection.toString(AbstractCollection.java:459)
	at org.hibernate.collection.spi.PersistentBag.toString(PersistentBag.java:590)
	at java.base/java.lang.String.valueOf(String.java:4230)
	at com.cinarcorp.productSupply.model.User.toString(User.java:13)
	at java.base/java.lang.String.valueOf(String.java:4230)
	at com.cinarcorp.productSupply.model.Order.toString(Order.java:15)
	at java.base/java.lang.String.valueOf(String.java:4230)
	at java.base/java.lang.StringBuilder.append(StringBuilder.java:173)
	at java.base/java.util.AbstractCollection.toString(AbstractCollection.java:459)
	at org.hibernate.collection.spi.PersistentBag.toString(PersistentBag.java:590)
	at java.base/java.lang.String.valueOf(String.java:4230)
	at com.cinarcorp.productSupply.model.User.toString(User.java:13)
	at java.base/java.lang.String.valueOf(String.java:4230)
	at com.cinarcorp.productSupply.model.Order.toString(Order.java:15)
	at java.base/java.lang.String.valueOf(String.java:4230)
	at java.base/java.lang.StringBuilder.append(StringBuilder.java:173)
	at java.base/java.util.AbstractCollection.toString(AbstractCollection.java:459)
	at org.hibernate.collection.spi.PersistentBag.toString(PersistentBag.java:590)
	at java.base/java.lang.String.valueOf(String.java:4230)
	at com.cinarcorp.productSupply.model.User.toString(User.java:13)
	at java.base/java.lang.String.valueOf(String.java:4230)
	at com.cinarcorp.productSupply.model.Order.toString(Order.java:15)
	at java.base/java.lang.String.valueOf(String.java:4230)
	at java.base/java.lang.StringBuilder.append(StringBuilder.java:173)
	at java.base/java.util.AbstractCollection.toString(AbstractCollection.java:459)
	at org.hibernate.collection.spi.PersistentBag.toString(PersistentBag.java:590)
	at java.base/java.lang.String.valueOf(String.java:4230)
	at com.cinarcorp.productSupply.model.User.toString(User.java:13)
	at java.base/java.lang.String.valueOf(String.java:4230)
	at com.cinarcorp.productSupply.model.Order.toString(Order.java:15)
	at java.base/java.lang.String.valueOf(String.java:4230)
	at java.base/java.lang.StringBuilder.append(StringBuilder.java:173)
	at java.base/java.util.AbstractCollection.toString(AbstractCollection.java:459)
	at org.hibernate.collection.spi.PersistentBag.toString(PersistentBag.java:590)
	at java.base/java.lang.String.valueOf(String.java:4230)
	at com.cinarcorp.productSupply.model.User.toString(User.java:13)
	at java.base/java.lang.String.valueOf(String.java:4230)
	at com.cinarcorp.productSupply.model.Order.toString(Order.java:15)
	at java.base/java.lang.String.valueOf(String.java:4230)
	at java.base/java.lang.StringBuilder.append(StringBuilder.java:173)
	at java.base/java.util.AbstractCollection.toString(AbstractCollection.java:459)
	at org.hibernate.collection.spi.PersistentBag.toString(PersistentBag.java:590)
	at java.base/java.lang.String.valueOf(String.java:4230)
	at com.cinarcorp.productSupply.model.User.toString(User.java:13)
	at java.base/java.lang.String.valueOf(String.java:4230)
	at com.cinarcorp.productSupply.model.Order.toString(Order.java:15)
	at java.base/java.lang.String.valueOf(String.java:4230)
	at java.base/java.lang.StringBuilder.append(StringBuilder.java:173)
	at java.base/java.util.AbstractCollection.toString(AbstractCollection.java:459)
	at org.hibernate.collection.spi.PersistentBag.toString(PersistentBag.java:590)
	at java.base/java.lang.String.valueOf(String.java:4230)
	at com.cinarcorp.productSupply.model.User.toString(User.java:13)
	at java.base/java.lang.String.valueOf(String.java:4230)
	at com.cinarcorp.productSupply.model.Order.toString(Order.java:15)
	at java.base/java.lang.String.valueOf(String.java:4230)
	at java.base/java.lang.StringBuilder.append(StringBuilder.java:173)
	at java.base/java.util.AbstractCollection.toString(AbstractCollection.java:459)
	at org.hibernate.collection.spi.PersistentBag.toString(PersistentBag.java:590)
	at java.base/java.lang.String.valueOf(String.java:4230)
	at com.cinarcorp.productSupply.model.User.toString(User.java:13)
	at java.base/java.lang.String.valueOf(String.java:4230)
	at com.cinarcorp.productSupply.model.Order.toString(Order.java:15)
	at java.base/java.lang.String.valueOf(String.java:4230)
	at java.base/java.lang.StringBuilder.append(StringBuilder.java:173)
	at java.base/java.util.AbstractCollection.toString(AbstractCollection.java:459)
	at org.hibernate.collection.spi.PersistentBag.toString(PersistentBag.java:590)
	at java.base/java.lang.String.valueOf(String.java:4230)
	at com.cinarcorp.productSupply.model.User.toString(User.java:13)
	at java.base/java.lang.String.valueOf(String.java:4230)
	at com.cinarcorp.productSupply.model.Order.toString(Order.java:15)
	at java.base/java.lang.String.valueOf(String.java:4230)
	at java.base/java.lang.StringBuilder.append(StringBuilder.java:173)
	at java.base/java.util.AbstractCollection.toString(AbstractCollection.java:459)
	at org.hibernate.collection.spi.PersistentBag.toString(PersistentBag.java:590)
	at java.base/java.lang.String.valueOf(String.java:4230)
	at com.cinarcorp.productSupply.model.User.toString(User.java:13)
	at java.base/java.lang.String.valueOf(String.java:4230)
	at com.cinarcorp.productSupply.model.Order.toString(Order.java:15)
	at java.base/java.lang.String.valueOf(String.java:4230)
	at java.base/java.lang.StringBuilder.append(StringBuilder.java:173)
	at java.base/java.util.AbstractCollection.toString(AbstractCollection.java:459)
	at org.hibernate.collection.spi.PersistentBag.toString(PersistentBag.java:590)
	at java.base/java.lang.String.valueOf(String.java:4230)
	at com.cinarcorp.productSupply.model.User.toString(User.java:13)
	at java.base/java.lang.String.valueOf(String.java:4230)
	at com.cinarcorp.productSupply.model.Order.toString(Order.java:15)
	at java.base/java.lang.String.valueOf(String.java:4230)
	at java.base/java.lang.StringBuilder.append(StringBuilder.java:173)
	at java.base/java.util.AbstractCollection.toString(AbstractCollection.java:459)
	at org.hibernate.collection.spi.PersistentBag.toString(PersistentBag.java:590)
	at java.base/java.lang.String.valueOf(String.java:4230)
	at com.cinarcorp.productSupply.model.User.toString(User.java:13)
	at java.base/java.lang.String.valueOf(String.java:4230)
	at com.cinarcorp.productSupply.model.Order.toString(Order.java:15)
	at java.base/java.lang.String.valueOf(String.java:4230)
	at java.base/java.lang.StringBuilder.append(StringBuilder.java:173)
	at java.base/java.util.AbstractCollection.toString(AbstractCollection.java:459)
	at org.hibernate.collection.spi.PersistentBag.toString(PersistentBag.java:590)
	at java.base/java.lang.String.valueOf(String.java:4230)
	at com.cinarcorp.productSupply.model.User.toString(User.java:13)
	at java.base/java.lang.String.valueOf(String.java:4230)
	at com.cinarcorp.productSupply.model.Order.toString(Order.java:15)
	at java.base/java.lang.String.valueOf(String.java:4230)
	at java.base/java.lang.StringBuilder.append(StringBuilder.java:173)
	at java.base/java.util.AbstractCollection.toString(AbstractCollection.java:459)
	at org.hibernate.collection.spi.PersistentBag.toString(PersistentBag.java:590)
	at java.base/java.lang.String.valueOf(String.java:4230)
	at com.cinarcorp.productSupply.model.User.toString(User.java:13)
	at java.base/java.lang.String.valueOf(String.java:4230)
	at com.cinarcorp.productSupply.model.Order.toString(Order.java:15)
	at java.base/java.lang.String.valueOf(String.java:4230)
	at java.base/java.lang.StringBuilder.append(StringBuilder.java:173)
	at java.base/java.util.AbstractCollection.toString(AbstractCollection.java:459)
	at org.hibernate.collection.spi.PersistentBag.toString(PersistentBag.java:590)
	at java.base/java.lang.String.valueOf(String.java:4230)
	at com.cinarcorp.productSupply.model.User.toString(User.java:13)
	at java.base/java.lang.String.valueOf(String.java:4230)
	at com.cinarcorp.productSupply.model.Order.toString(Order.java:15)
	at java.base/java.lang.String.valueOf(String.java:4230)
	at java.base/java.lang.StringBuilder.append(StringBuilder.java:173)
	at java.base/java.util.AbstractCollection.toString(AbstractCollection.java:459)
	at org.hibernate.collection.spi.PersistentBag.toString(PersistentBag.java:590)
	at java.base/java.lang.String.valueOf(String.java:4230)
	at com.cinarcorp.productSupply.model.User.toString(User.java:13)
	at java.base/java.lang.String.valueOf(String.java:4230)
	at com.cinarcorp.productSupply.model.Order.toString(Order.java:15)
	at java.base/java.lang.String.valueOf(String.java:4230)
	at java.base/java.lang.StringBuilder.append(StringBuilder.java:173)
	at java.base/java.util.AbstractCollection.toString(AbstractCollection.java:459)
	at org.hibernate.collection.spi.PersistentBag.toString(PersistentBag.java:590)
	at java.base/java.lang.String.valueOf(String.java:4230)
	at com.cinarcorp.productSupply.model.User.toString(User.java:13)
	at java.base/java.lang.String.valueOf(String.java:4230)
	at com.cinarcorp.productSupply.model.Order.toString(Order.java:15)
	at java.base/java.lang.String.valueOf(String.java:4230)
	at java.base/java.lang.StringBuilder.append(StringBuilder.java:173)
	at java.base/java.util.AbstractCollection.toString(AbstractCollection.java:459)
	at org.hibernate.collection.spi.PersistentBag.toString(PersistentBag.java:590)
	at java.base/java.lang.String.valueOf(String.java:4230)
	at com.cinarcorp.productSupply.model.User.toString(User.java:13)
	at java.base/java.lang.String.valueOf(String.java:4230)
	at com.cinarcorp.productSupply.model.Order.toString(Order.java:15)
	at java.base/java.lang.String.valueOf(String.java:4230)
	at java.base/java.lang.StringBuilder.append(StringBuilder.java:173)
	at java.base/java.util.AbstractCollection.toString(AbstractCollection.java:459)
	at org.hibernate.collection.spi.PersistentBag.toString(PersistentBag.java:590)
	at java.base/java.lang.String.valueOf(String.java:4230)
	at com.cinarcorp.productSupply.model.User.toString(User.java:13)
	at java.base/java.lang.String.valueOf(String.java:4230)
	at com.cinarcorp.productSupply.model.Order.toString(Order.java:15)
	at java.base/java.lang.String.valueOf(String.java:4230)
	at java.base/java.lang.StringBuilder.append(StringBuilder.java:173)
	at java.base/java.util.AbstractCollection.toString(AbstractCollection.java:459)
	at org.hibernate.collection.spi.PersistentBag.toString(PersistentBag.java:590)
	at java.base/java.lang.String.valueOf(String.java:4230)
	at com.cinarcorp.productSupply.model.User.toString(User.java:13)
	at java.base/java.lang.String.valueOf(String.java:4230)
	at com.cinarcorp.productSupply.model.Order.toString(Order.java:15)
	at java.base/java.lang.String.valueOf(String.java:4230)
	at java.base/java.lang.StringBuilder.append(StringBuilder.java:173)
	at java.base/java.util.AbstractCollection.toString(AbstractCollection.java:459)
	at org.hibernate.collection.spi.PersistentBag.toString(PersistentBag.java:590)
	at java.base/java.lang.String.valueOf(String.java:4230)
	at com.cinarcorp.productSupply.model.User.toString(User.java:13)
	at java.base/java.lang.String.valueOf(String.java:4230)
	at com.cinarcorp.productSupply.model.Order.toString(Order.java:15)
	at java.base/java.lang.String.valueOf(String.java:4230)
	at java.base/java.lang.StringBuilder.append(StringBuilder.java:173)
	at java.base/java.util.AbstractCollection.toString(AbstractCollection.java:459)
	at org.hibernate.collection.spi.PersistentBag.toString(PersistentBag.java:590)
	at java.base/java.lang.String.valueOf(String.java:4230)
	at com.cinarcorp.productSupply.model.User.toString(User.java:13)
	at java.base/java.lang.String.valueOf(String.java:4230)
	at com.cinarcorp.productSupply.model.Order.toString(Order.java:15)
	at java.base/java.lang.String.valueOf(String.java:4230)
	at java.base/java.lang.StringBuilder.append(StringBuilder.java:173)
	at java.base/java.util.AbstractCollection.toString(AbstractCollection.java:459)
	at org.hibernate.collection.spi.PersistentBag.toString(PersistentBag.java:590)
	at java.base/java.lang.String.valueOf(String.java:4230)
	at com.cinarcorp.productSupply.model.User.toString(User.java:13)
	at java.base/java.lang.String.valueOf(String.java:4230)
	at com.cinarcorp.productSupply.model.Order.toString(Order.java:15)
	at java.base/java.lang.String.valueOf(String.java:4230)
	at java.base/java.lang.StringBuilder.append(StringBuilder.java:173)
	at java.base/java.util.AbstractCollection.toString(AbstractCollection.java:459)
	at org.hibernate.collection.spi.PersistentBag.toString(PersistentBag.java:590)
	at java.base/java.lang.String.valueOf(String.java:4230)
	at com.cinarcorp.productSupply.model.User.toString(User.java:13)
	at java.base/java.lang.String.valueOf(String.java:4230)
	at com.cinarcorp.productSupply.model.Order.toString(Order.java:15)
	at java.base/java.lang.String.valueOf(String.java:4230)
	at java.base/java.lang.StringBuilder.append(StringBuilder.java:173)
	at java.base/java.util.AbstractCollection.toString(AbstractCollection.java:459)
	at org.hibernate.collection.spi.PersistentBag.toString(PersistentBag.java:590)
	at java.base/java.lang.String.valueOf(String.java:4230)
	at com.cinarcorp.productSupply.model.User.toString(User.java:13)
	at java.base/java.lang.String.valueOf(String.java:4230)
	at com.cinarcorp.productSupply.model.Order.toString(Order.java:15)
	at java.base/java.lang.String.valueOf(String.java:4230)
	at java.base/java.lang.StringBuilder.append(StringBuilder.java:173)
	at java.base/java.util.AbstractCollection.toString(AbstractCollection.java:459)
	at org.hibernate.collection.spi.PersistentBag.toString(PersistentBag.java:590)
	at java.base/java.lang.String.valueOf(String.java:4230)
	at com.cinarcorp.productSupply.model.User.toString(User.java:13)
	at java.base/java.lang.String.valueOf(String.java:4230)
	at com.cinarcorp.productSupply.model.Order.toString(Order.java:15)
	at java.base/java.lang.String.valueOf(String.java:4230)
	at java.base/java.lang.StringBuilder.append(StringBuilder.java:173)
	at java.base/java.util.AbstractCollection.toString(AbstractCollection.java:459)
	at org.hibernate.collection.spi.PersistentBag.toString(PersistentBag.java:590)
	at java.base/java.lang.String.valueOf(String.java:4230)
	at com.cinarcorp.productSupply.model.User.toString(User.java:13)
	at java.base/java.lang.String.valueOf(String.java:4230)
	at com.cinarcorp.productSupply.model.Order.toString(Order.java:15)
	at java.base/java.lang.String.valueOf(String.java:4230)
	at java.base/java.lang.StringBuilder.append(StringBuilder.java:173)
	at java.base/java.util.AbstractCollection.toString(AbstractCollection.java:459)
	at org.hibernate.collection.spi.PersistentBag.toString(PersistentBag.java:590)
	at java.base/java.lang.String.valueOf(String.java:4230)
	at com.cinarcorp.productSupply.model.User.toString(User.java:13)
	at java.base/java.lang.String.valueOf(String.java:4230)
	at com.cinarcorp.productSupply.model.Order.toString(Order.java:15)
	at java.base/java.lang.String.valueOf(String.java:4230)
	at java.base/java.lang.StringBuilder.append(StringBuilder.java:173)
	at java.base/java.util.AbstractCollection.toString(AbstractCollection.java:459)
	at org.hibernate.collection.spi.PersistentBag.toString(PersistentBag.java:590)
	at java.base/java.lang.String.valueOf(String.java:4230)
	at com.cinarcorp.productSupply.model.User.toString(User.java:13)
	at java.base/java.lang.String.valueOf(String.java:4230)
	at com.cinarcorp.productSupply.model.Order.toString(Order.java:15)
	at java.base/java.lang.String.valueOf(String.java:4230)
	at java.base/java.lang.StringBuilder.append(StringBuilder.java:173)
	at java.base/java.util.AbstractCollection.toString(AbstractCollection.java:459)
	at org.hibernate.collection.spi.PersistentBag.toString(PersistentBag.java:590)
	at java.base/java.lang.String.valueOf(String.java:4230)
	at com.cinarcorp.productSupply.model.User.toString(User.java:13)
	at java.base/java.lang.String.valueOf(String.java:4230)
	at com.cinarcorp.productSupply.model.Order.toString(Order.java:15)
	at java.base/java.lang.String.valueOf(String.java:4230)
	at java.base/java.lang.StringBuilder.append(StringBuilder.java:173)
	at java.base/java.util.AbstractCollection.toString(AbstractCollection.java:459)
	at org.hibernate.collection.spi.PersistentBag.toString(PersistentBag.java:590)
	at java.base/java.lang.String.valueOf(String.java:4230)
	at com.cinarcorp.productSupply.model.User.toString(User.java:13)
	at java.base/java.lang.String.valueOf(String.java:4230)
	at com.cinarcorp.productSupply.model.Order.toString(Order.java:15)
	at java.base/java.lang.String.valueOf(String.java:4230)
	at java.base/java.lang.StringBuilder.append(StringBuilder.java:173)
	at java.base/java.util.AbstractCollection.toString(AbstractCollection.java:459)
	at org.hibernate.collection.spi.PersistentBag.toString(PersistentBag.java:590)
	at java.base/java.lang.String.valueOf(String.java:4230)
	at com.cinarcorp.productSupply.model.User.toString(User.java:13)
	at java.base/java.lang.String.valueOf(String.java:4230)
	at com.cinarcorp.productSupply.model.Order.toString(Order.java:15)
	at java.base/java.lang.String.valueOf(String.java:4230)
	at java.base/java.lang.StringBuilder.append(StringBuilder.java:173)
	at java.base/java.util.AbstractCollection.toString(AbstractCollection.java:459)
	at org.hibernate.collection.spi.PersistentBag.toString(PersistentBag.java:590)
	at java.base/java.lang.String.valueOf(String.java:4230)
	at com.cinarcorp.productSupply.model.User.toString(User.java:13)
	at java.base/java.lang.String.valueOf(String.java:4230)
	at com.cinarcorp.productSupply.model.Order.toString(Order.java:15)
	at java.base/java.lang.String.valueOf(String.java:4230)
	at java.base/java.lang.StringBuilder.append(StringBuilder.java:173)
	at java.base/java.util.AbstractCollection.toString(AbstractCollection.java:459)
	at org.hibernate.collection.spi.PersistentBag.toString(PersistentBag.java:590)
	at java.base/java.lang.String.valueOf(String.java:4230)
	at com.cinarcorp.productSupply.model.User.toString(User.java:13)
	at java.base/java.lang.String.valueOf(String.java:4230)
	at com.cinarcorp.productSupply.model.Order.toString(Order.java:15)
	at java.base/java.lang.String.valueOf(String.java:4230)
	at java.base/java.lang.StringBuilder.append(StringBuilder.java:173)
	at java.base/java.util.AbstractCollection.toString(AbstractCollection.java:459)
	at org.hibernate.collection.spi.PersistentBag.toString(PersistentBag.java:590)
	at java.base/java.lang.String.valueOf(String.java:4230)
	at com.cinarcorp.productSupply.model.User.toString(User.java:13)
	at java.base/java.lang.String.valueOf(String.java:4230)
	at com.cinarcorp.productSupply.model.Order.toString(Order.java:15)
	at java.base/java.lang.String.valueOf(String.java:4230)
	at java.base/java.lang.StringBuilder.append(StringBuilder.java:173)
	at java.base/java.util.AbstractCollection.toString(AbstractCollection.java:459)
	at org.hibernate.collection.spi.PersistentBag.toString(PersistentBag.java:590)
	at java.base/java.lang.String.valueOf(String.java:4230)
	at com.cinarcorp.productSupply.model.User.toString(User.java:13)
	at java.base/java.lang.String.valueOf(String.java:4230)
	at com.cinarcorp.productSupply.model.Order.toString(Order.java:15)
	at java.base/java.lang.String.valueOf(String.java:4230)
	at java.base/java.lang.StringBuilder.append(StringBuilder.java:173)
	at java.base/java.util.AbstractCollection.toString(AbstractCollection.java:459)
	at org.hibernate.collection.spi.PersistentBag.toString(PersistentBag.java:590)
	at java.base/java.lang.String.valueOf(String.java:4230)
	at com.cinarcorp.productSupply.model.User.toString(User.java:13)
]]></error>
    <system-out><![CDATA[Hibernate: select u1_0.id,u1_0.address,u1_0.email_address,u1_0.first_name,u1_0.last_name from tbl_users u1_0 where u1_0.id=?
Hibernate: select o1_0.user_id,o1_0.id,o1_0.is_complete,o1_0.order_date,o1_0.piece,o1_0.total_paid from tbl_orders o1_0 where o1_0.user_id=?
Hibernate: select p1_0.order_id,p1_0.id,p1_0.description,p1_0.price,p1_0.product_name from tbl_products p1_0 where p1_0.order_id=?
Hibernate: select p1_0.order_id,p1_0.id,p1_0.description,p1_0.price,p1_0.product_name from tbl_products p1_0 where p1_0.order_id=?
Hibernate: select p1_0.order_id,p1_0.id,p1_0.description,p1_0.price,p1_0.product_name from tbl_products p1_0 where p1_0.order_id=?
Hibernate: select p1_0.order_id,p1_0.id,p1_0.description,p1_0.price,p1_0.product_name from tbl_products p1_0 where p1_0.order_id=?
Hibernate: select p1_0.order_id,p1_0.id,p1_0.description,p1_0.price,p1_0.product_name from tbl_products p1_0 where p1_0.order_id=?
Hibernate: select p1_0.order_id,p1_0.id,p1_0.description,p1_0.price,p1_0.product_name from tbl_products p1_0 where p1_0.order_id=?
Hibernate: select p1_0.order_id,p1_0.id,p1_0.description,p1_0.price,p1_0.product_name from tbl_products p1_0 where p1_0.order_id=?
Hibernate: select p1_0.order_id,p1_0.id,p1_0.description,p1_0.price,p1_0.product_name from tbl_products p1_0 where p1_0.order_id=?
Hibernate: select p1_0.order_id,p1_0.id,p1_0.description,p1_0.price,p1_0.product_name from tbl_products p1_0 where p1_0.order_id=?
Hibernate: select p1_0.order_id,p1_0.id,p1_0.description,p1_0.price,p1_0.product_name from tbl_products p1_0 where p1_0.order_id=?
Hibernate: select p1_0.order_id,p1_0.id,p1_0.description,p1_0.price,p1_0.product_name from tbl_products p1_0 where p1_0.order_id=?
Hibernate: select p1_0.order_id,p1_0.id,p1_0.description,p1_0.price,p1_0.product_name from tbl_products p1_0 where p1_0.order_id=?
Hibernate: select p1_0.order_id,p1_0.id,p1_0.description,p1_0.price,p1_0.product_name from tbl_products p1_0 where p1_0.order_id=?
Hibernate: select p1_0.order_id,p1_0.id,p1_0.description,p1_0.price,p1_0.product_name from tbl_products p1_0 where p1_0.order_id=?
Hibernate: select p1_0.order_id,p1_0.id,p1_0.description,p1_0.price,p1_0.product_name from tbl_products p1_0 where p1_0.order_id=?
]]></system-out>
  </testcase>
</testsuite>